{"meta": {"format": 3, "version": "7.11.3", "timestamp": "2025-11-13T01:25:29.313654", "branch_coverage": false, "show_contexts": false}, "files": {"apps\\blog\\__init__.py": {"executed_lines": [0], "summary": {"covered_lines": 0, "num_statements": 0, "percent_covered": 100.0, "percent_covered_display": "100", "missing_lines": 0, "excluded_lines": 0}, "missing_lines": [], "excluded_lines": [], "functions": {"": {"executed_lines": [], "summary": {"covered_lines": 0, "num_statements": 0, "percent_covered": 100.0, "percent_covered_display": "100", "missing_lines": 0, "excluded_lines": 0}, "missing_lines": [], "excluded_lines": []}}, "classes": {"": {"executed_lines": [], "summary": {"covered_lines": 0, "num_statements": 0, "percent_covered": 100.0, "percent_covered_display": "100", "missing_lines": 0, "excluded_lines": 0}, "missing_lines": [], "excluded_lines": []}}}, "apps\\blog\\admin.py": {"executed_lines": [1, 2, 4, 7, 8, 9, 19, 20, 21, 22, 23, 24, 26, 63, 70, 76, 91, 93, 97, 99, 102, 104, 117, 119, 125, 129, 131, 135, 137, 141, 143, 144, 145], "summary": {"covered_lines": 33, "num_statements": 53, "percent_covered": 62.264150943396224, "percent_covered_display": "62", "missing_lines": 20, "excluded_lines": 0}, "missing_lines": [77, 83, 84, 94, 95, 100, 105, 106, 110, 111, 115, 120, 121, 122, 126, 127, 132, 133, 138, 139], "excluded_lines": [], "functions": {"PostAdmin.status_display": {"executed_lines": [], "summary": {"covered_lines": 0, "num_statements": 3, "percent_covered": 0.0, "percent_covered_display": "0", "missing_lines": 3, "excluded_lines": 0}, "missing_lines": [77, 83, 84], "excluded_lines": []}, "PostAdmin.reading_time": {"executed_lines": [], "summary": {"covered_lines": 0, "num_statements": 2, "percent_covered": 0.0, "percent_covered_display": "0", "missing_lines": 2, "excluded_lines": 0}, "missing_lines": [94, 95], "excluded_lines": []}, "PostAdmin.reading_time_display": {"executed_lines": [], "summary": {"covered_lines": 0, "num_statements": 1, "percent_covered": 0.0, "percent_covered_display": "0", "missing_lines": 1, "excluded_lines": 0}, "missing_lines": [100], "excluded_lines": []}, "PostAdmin.image_preview": {"executed_lines": [], "summary": {"covered_lines": 0, "num_statements": 5, "percent_covered": 0.0, "percent_covered_display": "0", "missing_lines": 5, "excluded_lines": 0}, "missing_lines": [105, 106, 110, 111, 115], "excluded_lines": []}, "PostAdmin.save_model": {"executed_lines": [], "summary": {"covered_lines": 0, "num_statements": 3, "percent_covered": 0.0, "percent_covered_display": "0", "missing_lines": 3, "excluded_lines": 0}, "missing_lines": [120, 121, 122], "excluded_lines": []}, "PostAdmin.make_published": {"executed_lines": [], "summary": {"covered_lines": 0, "num_statements": 2, "percent_covered": 0.0, "percent_covered_display": "0", "missing_lines": 2, "excluded_lines": 0}, "missing_lines": [126, 127], "excluded_lines": []}, "PostAdmin.make_draft": {"executed_lines": [], "summary": {"covered_lines": 0, "num_statements": 2, "percent_covered": 0.0, "percent_covered_display": "0", "missing_lines": 2, "excluded_lines": 0}, "missing_lines": [132, 133], "excluded_lines": []}, "PostAdmin.make_unlisted": {"executed_lines": [], "summary": {"covered_lines": 0, "num_statements": 2, "percent_covered": 0.0, "percent_covered_display": "0", "missing_lines": 2, "excluded_lines": 0}, "missing_lines": [138, 139], "excluded_lines": []}, "": {"executed_lines": [1, 2, 4, 7, 8, 9, 19, 20, 21, 22, 23, 24, 26, 63, 70, 76, 91, 93, 97, 99, 102, 104, 117, 119, 125, 129, 131, 135, 137, 141, 143, 144, 145], "summary": {"covered_lines": 33, "num_statements": 33, "percent_covered": 100.0, "percent_covered_display": "100", "missing_lines": 0, "excluded_lines": 0}, "missing_lines": [], "excluded_lines": []}}, "classes": {"PostAdmin": {"executed_lines": [], "summary": {"covered_lines": 0, "num_statements": 20, "percent_covered": 0.0, "percent_covered_display": "0", "missing_lines": 20, "excluded_lines": 0}, "missing_lines": [77, 83, 84, 94, 95, 100, 105, 106, 110, 111, 115, 120, 121, 122, 126, 127, 132, 133, 138, 139], "excluded_lines": []}, "PostAdmin.Media": {"executed_lines": [], "summary": {"covered_lines": 0, "num_statements": 0, "percent_covered": 100.0, "percent_covered_display": "100", "missing_lines": 0, "excluded_lines": 0}, "missing_lines": [], "excluded_lines": []}, "": {"executed_lines": [1, 2, 4, 7, 8, 9, 19, 20, 21, 22, 23, 24, 26, 63, 70, 76, 91, 93, 97, 99, 102, 104, 117, 119, 125, 129, 131, 135, 137, 141, 143, 144, 145], "summary": {"covered_lines": 33, "num_statements": 33, "percent_covered": 100.0, "percent_covered_display": "100", "missing_lines": 0, "excluded_lines": 0}, "missing_lines": [], "excluded_lines": []}}}, "apps\\blog\\apps.py": {"executed_lines": [1, 4, 5, 6], "summary": {"covered_lines": 4, "num_statements": 4, "percent_covered": 100.0, "percent_covered_display": "100", "missing_lines": 0, "excluded_lines": 0}, "missing_lines": [], "excluded_lines": [], "functions": {"": {"executed_lines": [1, 4, 5, 6], "summary": {"covered_lines": 4, "num_statements": 4, "percent_covered": 100.0, "percent_covered_display": "100", "missing_lines": 0, "excluded_lines": 0}, "missing_lines": [], "excluded_lines": []}}, "classes": {"BlogConfig": {"executed_lines": [], "summary": {"covered_lines": 0, "num_statements": 0, "percent_covered": 100.0, "percent_covered_display": "100", "missing_lines": 0, "excluded_lines": 0}, "missing_lines": [], "excluded_lines": []}, "": {"executed_lines": [1, 4, 5, 6], "summary": {"covered_lines": 4, "num_statements": 4, "percent_covered": 100.0, "percent_covered_display": "100", "missing_lines": 0, "excluded_lines": 0}, "missing_lines": [], "excluded_lines": []}}}, "apps\\blog\\management\\__init__.py": {"executed_lines": [0], "summary": {"covered_lines": 0, "num_statements": 0, "percent_covered": 100.0, "percent_covered_display": "100", "missing_lines": 0, "excluded_lines": 0}, "missing_lines": [], "excluded_lines": [], "functions": {"": {"executed_lines": [], "summary": {"covered_lines": 0, "num_statements": 0, "percent_covered": 100.0, "percent_covered_display": "100", "missing_lines": 0, "excluded_lines": 0}, "missing_lines": [], "excluded_lines": []}}, "classes": {"": {"executed_lines": [], "summary": {"covered_lines": 0, "num_statements": 0, "percent_covered": 100.0, "percent_covered_display": "100", "missing_lines": 0, "excluded_lines": 0}, "missing_lines": [], "excluded_lines": []}}}, "apps\\blog\\management\\commands\\__init__.py": {"executed_lines": [], "summary": {"covered_lines": 0, "num_statements": 0, "percent_covered": 100.0, "percent_covered_display": "100", "missing_lines": 0, "excluded_lines": 0}, "missing_lines": [], "excluded_lines": [], "functions": {"": {"executed_lines": [], "summary": {"covered_lines": 0, "num_statements": 0, "percent_covered": 100.0, "percent_covered_display": "100", "missing_lines": 0, "excluded_lines": 0}, "missing_lines": [], "excluded_lines": []}}, "classes": {"": {"executed_lines": [], "summary": {"covered_lines": 0, "num_statements": 0, "percent_covered": 100.0, "percent_covered_display": "100", "missing_lines": 0, "excluded_lines": 0}, "missing_lines": [], "excluded_lines": []}}}, "apps\\blog\\management\\commands\\publish_scheduled_posts.py": {"executed_lines": [], "summary": {"covered_lines": 0, "num_statements": 37, "percent_covered": 0.0, "percent_covered_display": "0", "missing_lines": 37, "excluded_lines": 0}, "missing_lines": [5, 7, 9, 11, 14, 15, 17, 18, 23, 29, 30, 31, 34, 36, 37, 38, 41, 43, 45, 46, 47, 48, 53, 54, 56, 58, 59, 65, 67, 68, 69, 70, 72, 73, 77, 81, 82], "excluded_lines": [], "functions": {"Command.add_arguments": {"executed_lines": [], "summary": {"covered_lines": 0, "num_statements": 2, "percent_covered": 0.0, "percent_covered_display": "0", "missing_lines": 2, "excluded_lines": 0}, "missing_lines": [18, 23], "excluded_lines": []}, "Command.handle": {"executed_lines": [], "summary": {"covered_lines": 0, "num_statements": 27, "percent_covered": 0.0, "percent_covered_display": "0", "missing_lines": 27, "excluded_lines": 0}, "missing_lines": [30, 31, 34, 36, 37, 38, 41, 43, 45, 46, 47, 48, 53, 54, 56, 58, 59, 65, 67, 68, 69, 70, 72, 73, 77, 81, 82], "excluded_lines": []}, "": {"executed_lines": [], "summary": {"covered_lines": 0, "num_statements": 8, "percent_covered": 0.0, "percent_covered_display": "0", "missing_lines": 8, "excluded_lines": 0}, "missing_lines": [5, 7, 9, 11, 14, 15, 17, 29], "excluded_lines": []}}, "classes": {"Command": {"executed_lines": [], "summary": {"covered_lines": 0, "num_statements": 29, "percent_covered": 0.0, "percent_covered_display": "0", "missing_lines": 29, "excluded_lines": 0}, "missing_lines": [18, 23, 30, 31, 34, 36, 37, 38, 41, 43, 45, 46, 47, 48, 53, 54, 56, 58, 59, 65, 67, 68, 69, 70, 72, 73, 77, 81, 82], "excluded_lines": []}, "": {"executed_lines": [], "summary": {"covered_lines": 0, "num_statements": 8, "percent_covered": 0.0, "percent_covered_display": "0", "missing_lines": 8, "excluded_lines": 0}, "missing_lines": [5, 7, 9, 11, 14, 15, 17, 29], "excluded_lines": []}}}, "apps\\blog\\models.py": {"executed_lines": [1, 3, 4, 5, 6, 7, 9, 10, 13, 14, 20, 24, 26, 28, 41, 42, 47, 50, 51, 52, 53, 54, 55, 58, 59, 62, 63, 70, 71, 77, 83, 88, 91, 97, 103, 106, 111, 114, 120, 121, 124, 126, 128, 129, 130, 131, 132, 138, 140, 141, 146, 147, 150, 151, 156, 158, 159, 162, 165, 167, 170, 171, 172, 173, 175, 176, 179, 181, 183, 189, 191, 192, 201, 202, 203, 205, 207, 212, 214, 216, 218, 220, 222, 223, 229, 235, 236, 245, 246, 247, 249, 250, 251, 252, 253, 254, 255, 256, 258], "summary": {"covered_lines": 99, "num_statements": 101, "percent_covered": 98.01980198019803, "percent_covered_display": "98", "missing_lines": 2, "excluded_lines": 0}, "missing_lines": [148, 152], "excluded_lines": [], "functions": {"PostManager.published": {"executed_lines": [20], "summary": {"covered_lines": 1, "num_statements": 1, "percent_covered": 100.0, "percent_covered_display": "100", "missing_lines": 0, "excluded_lines": 0}, "missing_lines": [], "excluded_lines": []}, "PostManager.by_tag": {"executed_lines": [26], "summary": {"covered_lines": 1, "num_statements": 1, "percent_covered": 100.0, "percent_covered_display": "100", "missing_lines": 0, "excluded_lines": 0}, "missing_lines": [], "excluded_lines": []}, "PostManager.get_related_posts": {"executed_lines": [41, 42, 47, 50, 51, 52, 53, 54, 55, 58, 59], "summary": {"covered_lines": 11, "num_statements": 11, "percent_covered": 100.0, "percent_covered_display": "100", "missing_lines": 0, "excluded_lines": 0}, "missing_lines": [], "excluded_lines": []}, "Post.clean": {"executed_lines": [140, 141, 146, 147, 150, 151], "summary": {"covered_lines": 6, "num_statements": 8, "percent_covered": 75.0, "percent_covered_display": "75", "missing_lines": 2, "excluded_lines": 0}, "missing_lines": [148, 152], "excluded_lines": []}, "Post.save": {"executed_lines": [158, 159, 162, 165, 167, 170, 171, 172, 173, 175, 176, 179, 181], "summary": {"covered_lines": 13, "num_statements": 13, "percent_covered": 100.0, "percent_covered_display": "100", "missing_lines": 0, "excluded_lines": 0}, "missing_lines": [], "excluded_lines": []}, "Post.get_absolute_url": {"executed_lines": [189], "summary": {"covered_lines": 1, "num_statements": 1, "percent_covered": 100.0, "percent_covered_display": "100", "missing_lines": 0, "excluded_lines": 0}, "missing_lines": [], "excluded_lines": []}, "Post.reading_time": {"executed_lines": [201, 202, 203, 205], "summary": {"covered_lines": 4, "num_statements": 4, "percent_covered": 100.0, "percent_covered_display": "100", "missing_lines": 0, "excluded_lines": 0}, "missing_lines": [], "excluded_lines": []}, "Post.get_reading_time": {"executed_lines": [212], "summary": {"covered_lines": 1, "num_statements": 1, "percent_covered": 100.0, "percent_covered_display": "100", "missing_lines": 0, "excluded_lines": 0}, "missing_lines": [], "excluded_lines": []}, "Post.get_related_posts": {"executed_lines": [216], "summary": {"covered_lines": 1, "num_statements": 1, "percent_covered": 100.0, "percent_covered_display": "100", "missing_lines": 0, "excluded_lines": 0}, "missing_lines": [], "excluded_lines": []}, "Post.increment_view_count": {"executed_lines": [220], "summary": {"covered_lines": 1, "num_statements": 1, "percent_covered": 100.0, "percent_covered_display": "100", "missing_lines": 0, "excluded_lines": 0}, "missing_lines": [], "excluded_lines": []}, "Post.is_published": {"executed_lines": [229], "summary": {"covered_lines": 1, "num_statements": 1, "percent_covered": 100.0, "percent_covered_display": "100", "missing_lines": 0, "excluded_lines": 0}, "missing_lines": [], "excluded_lines": []}, "Post.word_count": {"executed_lines": [245, 246, 247], "summary": {"covered_lines": 3, "num_statements": 3, "percent_covered": 100.0, "percent_covered_display": "100", "missing_lines": 0, "excluded_lines": 0}, "missing_lines": [], "excluded_lines": []}, "Post.__str__": {"executed_lines": [250, 251, 252, 253, 254, 255, 256, 258], "summary": {"covered_lines": 8, "num_statements": 8, "percent_covered": 100.0, "percent_covered_display": "100", "missing_lines": 0, "excluded_lines": 0}, "missing_lines": [], "excluded_lines": []}, "": {"executed_lines": [1, 3, 4, 5, 6, 7, 9, 10, 13, 14, 24, 28, 62, 63, 70, 71, 77, 83, 88, 91, 97, 103, 106, 111, 114, 120, 121, 124, 126, 128, 129, 130, 131, 132, 138, 156, 183, 191, 192, 207, 214, 218, 222, 223, 235, 236, 249], "summary": {"covered_lines": 47, "num_statements": 47, "percent_covered": 100.0, "percent_covered_display": "100", "missing_lines": 0, "excluded_lines": 0}, "missing_lines": [], "excluded_lines": []}}, "classes": {"PostManager": {"executed_lines": [20, 26, 41, 42, 47, 50, 51, 52, 53, 54, 55, 58, 59], "summary": {"covered_lines": 13, "num_statements": 13, "percent_covered": 100.0, "percent_covered_display": "100", "missing_lines": 0, "excluded_lines": 0}, "missing_lines": [], "excluded_lines": []}, "Post": {"executed_lines": [140, 141, 146, 147, 150, 151, 158, 159, 162, 165, 167, 170, 171, 172, 173, 175, 176, 179, 181, 189, 201, 202, 203, 205, 212, 216, 220, 229, 245, 246, 247, 250, 251, 252, 253, 254, 255, 256, 258], "summary": {"covered_lines": 39, "num_statements": 41, "percent_covered": 95.1219512195122, "percent_covered_display": "95", "missing_lines": 2, "excluded_lines": 0}, "missing_lines": [148, 152], "excluded_lines": []}, "Post.Meta": {"executed_lines": [], "summary": {"covered_lines": 0, "num_statements": 0, "percent_covered": 100.0, "percent_covered_display": "100", "missing_lines": 0, "excluded_lines": 0}, "missing_lines": [], "excluded_lines": []}, "": {"executed_lines": [1, 3, 4, 5, 6, 7, 9, 10, 13, 14, 24, 28, 62, 63, 70, 71, 77, 83, 88, 91, 97, 103, 106, 111, 114, 120, 121, 124, 126, 128, 129, 130, 131, 132, 138, 156, 183, 191, 192, 207, 214, 218, 222, 223, 235, 236, 249], "summary": {"covered_lines": 47, "num_statements": 47, "percent_covered": 100.0, "percent_covered_display": "100", "missing_lines": 0, "excluded_lines": 0}, "missing_lines": [], "excluded_lines": []}}}, "apps\\blog\\serializers.py": {"executed_lines": [], "summary": {"covered_lines": 0, "num_statements": 36, "percent_covered": 0.0, "percent_covered_display": "0", "missing_lines": 36, "excluded_lines": 0}, "missing_lines": [52, 54, 57, 58, 59, 62, 64, 65, 66, 84, 86, 88, 89, 91, 92, 93, 96, 97, 99, 100, 101, 103, 104, 107, 110, 111, 114, 116, 117, 118, 132, 133, 134, 135, 136, 137], "excluded_lines": [], "functions": {"PostSerializer.get_reading_time": {"executed_lines": [], "summary": {"covered_lines": 0, "num_statements": 5, "percent_covered": 0.0, "percent_covered_display": "0", "missing_lines": 5, "excluded_lines": 0}, "missing_lines": [88, 89, 91, 92, 93], "excluded_lines": []}, "BlogSeriesSerializer.get_post_count": {"executed_lines": [], "summary": {"covered_lines": 0, "num_statements": 1, "percent_covered": 0.0, "percent_covered_display": "0", "missing_lines": 1, "excluded_lines": 0}, "missing_lines": [104], "excluded_lines": []}, "PostListSerializer.get_reading_time": {"executed_lines": [], "summary": {"covered_lines": 0, "num_statements": 5, "percent_covered": 0.0, "percent_covered_display": "0", "missing_lines": 5, "excluded_lines": 0}, "missing_lines": [133, 134, 135, 136, 137], "excluded_lines": []}, "": {"executed_lines": [], "summary": {"covered_lines": 0, "num_statements": 25, "percent_covered": 0.0, "percent_covered_display": "0", "missing_lines": 25, "excluded_lines": 0}, "missing_lines": [52, 54, 57, 58, 59, 62, 64, 65, 66, 84, 86, 96, 97, 99, 100, 101, 103, 107, 110, 111, 114, 116, 117, 118, 132], "excluded_lines": []}}, "classes": {"PostSerializer": {"executed_lines": [], "summary": {"covered_lines": 0, "num_statements": 5, "percent_covered": 0.0, "percent_covered_display": "0", "missing_lines": 5, "excluded_lines": 0}, "missing_lines": [88, 89, 91, 92, 93], "excluded_lines": []}, "PostSerializer.Meta": {"executed_lines": [], "summary": {"covered_lines": 0, "num_statements": 0, "percent_covered": 100.0, "percent_covered_display": "100", "missing_lines": 0, "excluded_lines": 0}, "missing_lines": [], "excluded_lines": []}, "BlogSeriesSerializer": {"executed_lines": [], "summary": {"covered_lines": 0, "num_statements": 1, "percent_covered": 0.0, "percent_covered_display": "0", "missing_lines": 1, "excluded_lines": 0}, "missing_lines": [104], "excluded_lines": []}, "BlogSeriesSerializer.Meta": {"executed_lines": [], "summary": {"covered_lines": 0, "num_statements": 0, "percent_covered": 100.0, "percent_covered_display": "100", "missing_lines": 0, "excluded_lines": 0}, "missing_lines": [], "excluded_lines": []}, "PostListSerializer": {"executed_lines": [], "summary": {"covered_lines": 0, "num_statements": 5, "percent_covered": 0.0, "percent_covered_display": "0", "missing_lines": 5, "excluded_lines": 0}, "missing_lines": [133, 134, 135, 136, 137], "excluded_lines": []}, "PostListSerializer.Meta": {"executed_lines": [], "summary": {"covered_lines": 0, "num_statements": 0, "percent_covered": 100.0, "percent_covered_display": "100", "missing_lines": 0, "excluded_lines": 0}, "missing_lines": [], "excluded_lines": []}, "": {"executed_lines": [], "summary": {"covered_lines": 0, "num_statements": 25, "percent_covered": 0.0, "percent_covered_display": "0", "missing_lines": 25, "excluded_lines": 0}, "missing_lines": [52, 54, 57, 58, 59, 62, 64, 65, 66, 84, 86, 96, 97, 99, 100, 101, 103, 107, 110, 111, 114, 116, 117, 118, 132], "excluded_lines": []}}}, "apps\\blog\\templatetags\\__init__.py": {"executed_lines": [0], "summary": {"covered_lines": 0, "num_statements": 0, "percent_covered": 100.0, "percent_covered_display": "100", "missing_lines": 0, "excluded_lines": 0}, "missing_lines": [], "excluded_lines": [], "functions": {"": {"executed_lines": [], "summary": {"covered_lines": 0, "num_statements": 0, "percent_covered": 100.0, "percent_covered_display": "100", "missing_lines": 0, "excluded_lines": 0}, "missing_lines": [], "excluded_lines": []}}, "classes": {"": {"executed_lines": [], "summary": {"covered_lines": 0, "num_statements": 0, "percent_covered": 100.0, "percent_covered_display": "100", "missing_lines": 0, "excluded_lines": 0}, "missing_lines": [], "excluded_lines": []}}}, "apps\\blog\\templatetags\\blog_extras.py": {"executed_lines": [1, 5, 7, 9, 12, 13, 23, 24, 34, 35, 45, 46, 67, 68, 77, 78, 87, 88, 102, 103, 112, 113, 129, 130, 146, 147], "summary": {"covered_lines": 25, "num_statements": 51, "percent_covered": 49.01960784313726, "percent_covered_display": "49", "missing_lines": 26, "excluded_lines": 0}, "missing_lines": [19, 20, 30, 31, 41, 42, 52, 53, 56, 64, 74, 84, 94, 95, 96, 97, 99, 109, 119, 121, 136, 138, 153, 154, 156, 157], "excluded_lines": [], "functions": {"popular_posts": {"executed_lines": [], "summary": {"covered_lines": 0, "num_statements": 2, "percent_covered": 0.0, "percent_covered_display": "0", "missing_lines": 2, "excluded_lines": 0}, "missing_lines": [19, 20], "excluded_lines": []}, "trending_posts": {"executed_lines": [], "summary": {"covered_lines": 0, "num_statements": 2, "percent_covered": 0.0, "percent_covered_display": "0", "missing_lines": 2, "excluded_lines": 0}, "missing_lines": [30, 31], "excluded_lines": []}, "recent_posts": {"executed_lines": [], "summary": {"covered_lines": 0, "num_statements": 2, "percent_covered": 0.0, "percent_covered_display": "0", "missing_lines": 2, "excluded_lines": 0}, "missing_lines": [41, 42], "excluded_lines": []}, "blog_archive": {"executed_lines": [], "summary": {"covered_lines": 0, "num_statements": 4, "percent_covered": 0.0, "percent_covered_display": "0", "missing_lines": 4, "excluded_lines": 0}, "missing_lines": [52, 53, 56, 64], "excluded_lines": []}, "post_reading_time": {"executed_lines": [], "summary": {"covered_lines": 0, "num_statements": 1, "percent_covered": 0.0, "percent_covered_display": "0", "missing_lines": 1, "excluded_lines": 0}, "missing_lines": [74], "excluded_lines": []}, "post_word_count": {"executed_lines": [], "summary": {"covered_lines": 0, "num_statements": 1, "percent_covered": 0.0, "percent_covered_display": "0", "missing_lines": 1, "excluded_lines": 0}, "missing_lines": [84], "excluded_lines": []}, "reading_time_text": {"executed_lines": [], "summary": {"covered_lines": 0, "num_statements": 5, "percent_covered": 0.0, "percent_covered_display": "0", "missing_lines": 5, "excluded_lines": 0}, "missing_lines": [94, 95, 96, 97, 99], "excluded_lines": []}, "get_related_posts": {"executed_lines": [], "summary": {"covered_lines": 0, "num_statements": 1, "percent_covered": 0.0, "percent_covered_display": "0", "missing_lines": 1, "excluded_lines": 0}, "missing_lines": [109], "excluded_lines": []}, "related_content_widget": {"executed_lines": [], "summary": {"covered_lines": 0, "num_statements": 2, "percent_covered": 0.0, "percent_covered_display": "0", "missing_lines": 2, "excluded_lines": 0}, "missing_lines": [119, 121], "excluded_lines": []}, "related_posts_widget": {"executed_lines": [], "summary": {"covered_lines": 0, "num_statements": 2, "percent_covered": 0.0, "percent_covered_display": "0", "missing_lines": 2, "excluded_lines": 0}, "missing_lines": [136, 138], "excluded_lines": []}, "content_recommendation_score": {"executed_lines": [], "summary": {"covered_lines": 0, "num_statements": 4, "percent_covered": 0.0, "percent_covered_display": "0", "missing_lines": 4, "excluded_lines": 0}, "missing_lines": [153, 154, 156, 157], "excluded_lines": []}, "": {"executed_lines": [1, 5, 7, 9, 12, 13, 23, 24, 34, 35, 45, 46, 67, 68, 77, 78, 87, 88, 102, 103, 112, 113, 129, 130, 146, 147], "summary": {"covered_lines": 25, "num_statements": 25, "percent_covered": 100.0, "percent_covered_display": "100", "missing_lines": 0, "excluded_lines": 0}, "missing_lines": [], "excluded_lines": []}}, "classes": {"": {"executed_lines": [1, 5, 7, 9, 12, 13, 23, 24, 34, 35, 45, 46, 67, 68, 77, 78, 87, 88, 102, 103, 112, 113, 129, 130, 146, 147], "summary": {"covered_lines": 25, "num_statements": 51, "percent_covered": 49.01960784313726, "percent_covered_display": "49", "missing_lines": 26, "excluded_lines": 0}, "missing_lines": [19, 20, 30, 31, 41, 42, 52, 53, 56, 64, 74, 84, 94, 95, 96, 97, 99, 109, 119, 121, 136, 138, 153, 154, 156, 157], "excluded_lines": []}}}, "apps\\blog\\tests.py": {"executed_lines": [1, 5, 6, 7, 8, 10, 11, 14, 15, 17, 19, 25, 27, 35, 36, 37, 39, 41, 46, 47, 49, 52, 61, 69, 77, 78, 79, 80, 82, 84, 92, 93, 94, 97, 98, 100, 102, 103, 110, 111, 120, 122, 123, 125, 127, 128, 130, 132, 133, 136, 139, 140, 141, 143, 145, 146, 149, 151, 154, 163, 164, 167, 168, 170, 173, 180, 181, 184, 187, 188, 190, 192, 193, 199, 209, 211, 214, 216, 218, 221, 223, 225, 228, 230, 232, 240, 243, 245, 247, 250, 252, 255, 256, 259, 264, 265, 267, 270, 271, 279, 284, 287, 288, 290, 292, 293, 299, 309, 312, 313, 316, 319, 322, 323, 325, 328, 331, 334, 337, 340], "summary": {"covered_lines": 115, "num_statements": 115, "percent_covered": 100.0, "percent_covered_display": "100", "missing_lines": 0, "excluded_lines": 0}, "missing_lines": [], "excluded_lines": [], "functions": {"PostModelTests.setUp": {"executed_lines": [19], "summary": {"covered_lines": 1, "num_statements": 1, "percent_covered": 100.0, "percent_covered_display": "100", "missing_lines": 0, "excluded_lines": 0}, "missing_lines": [], "excluded_lines": []}, "PostModelTests.test_post_creation": {"executed_lines": [27, 35, 36, 37], "summary": {"covered_lines": 4, "num_statements": 4, "percent_covered": 100.0, "percent_covered_display": "100", "missing_lines": 0, "excluded_lines": 0}, "missing_lines": [], "excluded_lines": []}, "PostModelTests.test_post_slug_generation": {"executed_lines": [41, 46, 47], "summary": {"covered_lines": 3, "num_statements": 3, "percent_covered": 100.0, "percent_covered_display": "100", "missing_lines": 0, "excluded_lines": 0}, "missing_lines": [], "excluded_lines": []}, "PostModelTests.test_published_manager": {"executed_lines": [52, 61, 69, 77, 78, 79, 80], "summary": {"covered_lines": 7, "num_statements": 7, "percent_covered": 100.0, "percent_covered_display": "100", "missing_lines": 0, "excluded_lines": 0}, "missing_lines": [], "excluded_lines": []}, "PostModelTests.test_get_absolute_url": {"executed_lines": [84, 92, 93, 94], "summary": {"covered_lines": 4, "num_statements": 4, "percent_covered": 100.0, "percent_covered_display": "100", "missing_lines": 0, "excluded_lines": 0}, "missing_lines": [], "excluded_lines": []}, "PostListViewTests.setUp": {"executed_lines": [102, 103, 110, 111], "summary": {"covered_lines": 4, "num_statements": 4, "percent_covered": 100.0, "percent_covered_display": "100", "missing_lines": 0, "excluded_lines": 0}, "missing_lines": [], "excluded_lines": []}, "PostListViewTests.test_blog_list_view_status_code": {"executed_lines": [122, 123], "summary": {"covered_lines": 2, "num_statements": 2, "percent_covered": 100.0, "percent_covered_display": "100", "missing_lines": 0, "excluded_lines": 0}, "missing_lines": [], "excluded_lines": []}, "PostListViewTests.test_blog_list_view_template": {"executed_lines": [127, 128], "summary": {"covered_lines": 2, "num_statements": 2, "percent_covered": 100.0, "percent_covered_display": "100", "missing_lines": 0, "excluded_lines": 0}, "missing_lines": [], "excluded_lines": []}, "PostListViewTests.test_blog_list_pagination": {"executed_lines": [132, 133, 136, 139, 140, 141], "summary": {"covered_lines": 6, "num_statements": 6, "percent_covered": 100.0, "percent_covered_display": "100", "missing_lines": 0, "excluded_lines": 0}, "missing_lines": [], "excluded_lines": []}, "PostListViewTests.test_blog_list_second_page": {"executed_lines": [145, 146, 149], "summary": {"covered_lines": 3, "num_statements": 3, "percent_covered": 100.0, "percent_covered_display": "100", "missing_lines": 0, "excluded_lines": 0}, "missing_lines": [], "excluded_lines": []}, "PostListViewTests.test_blog_list_search": {"executed_lines": [154, 163, 164, 167, 168], "summary": {"covered_lines": 5, "num_statements": 5, "percent_covered": 100.0, "percent_covered_display": "100", "missing_lines": 0, "excluded_lines": 0}, "missing_lines": [], "excluded_lines": []}, "PostListViewTests.test_blog_list_only_published": {"executed_lines": [173, 180, 181, 184], "summary": {"covered_lines": 4, "num_statements": 4, "percent_covered": 100.0, "percent_covered_display": "100", "missing_lines": 0, "excluded_lines": 0}, "missing_lines": [], "excluded_lines": []}, "PostDetailViewTests.setUp": {"executed_lines": [192, 193, 199], "summary": {"covered_lines": 3, "num_statements": 3, "percent_covered": 100.0, "percent_covered_display": "100", "missing_lines": 0, "excluded_lines": 0}, "missing_lines": [], "excluded_lines": []}, "PostDetailViewTests.test_post_detail_view_status_code": {"executed_lines": [211, 214], "summary": {"covered_lines": 2, "num_statements": 2, "percent_covered": 100.0, "percent_covered_display": "100", "missing_lines": 0, "excluded_lines": 0}, "missing_lines": [], "excluded_lines": []}, "PostDetailViewTests.test_post_detail_view_template": {"executed_lines": [218, 221], "summary": {"covered_lines": 2, "num_statements": 2, "percent_covered": 100.0, "percent_covered_display": "100", "missing_lines": 0, "excluded_lines": 0}, "missing_lines": [], "excluded_lines": []}, "PostDetailViewTests.test_post_detail_view_context": {"executed_lines": [225, 228], "summary": {"covered_lines": 2, "num_statements": 2, "percent_covered": 100.0, "percent_covered_display": "100", "missing_lines": 0, "excluded_lines": 0}, "missing_lines": [], "excluded_lines": []}, "PostDetailViewTests.test_post_detail_404_for_draft": {"executed_lines": [232, 240, 243], "summary": {"covered_lines": 3, "num_statements": 3, "percent_covered": 100.0, "percent_covered_display": "100", "missing_lines": 0, "excluded_lines": 0}, "missing_lines": [], "excluded_lines": []}, "PostDetailViewTests.test_post_detail_404_for_nonexistent": {"executed_lines": [247, 250], "summary": {"covered_lines": 2, "num_statements": 2, "percent_covered": 100.0, "percent_covered_display": "100", "missing_lines": 0, "excluded_lines": 0}, "missing_lines": [], "excluded_lines": []}, "PostDetailViewTests.test_post_detail_view_count_increment": {"executed_lines": [255, 256, 259, 264, 265], "summary": {"covered_lines": 5, "num_statements": 5, "percent_covered": 100.0, "percent_covered_display": "100", "missing_lines": 0, "excluded_lines": 0}, "missing_lines": [], "excluded_lines": []}, "PostDetailViewTests.test_related_posts_in_context": {"executed_lines": [270, 271, 279, 284], "summary": {"covered_lines": 4, "num_statements": 4, "percent_covered": 100.0, "percent_covered_display": "100", "missing_lines": 0, "excluded_lines": 0}, "missing_lines": [], "excluded_lines": []}, "BlogIntegrationTests.setUp": {"executed_lines": [292, 293, 299], "summary": {"covered_lines": 3, "num_statements": 3, "percent_covered": 100.0, "percent_covered_display": "100", "missing_lines": 0, "excluded_lines": 0}, "missing_lines": [], "excluded_lines": []}, "BlogIntegrationTests.test_user_journey_list_to_detail": {"executed_lines": [312, 313, 316, 319, 322, 323], "summary": {"covered_lines": 6, "num_statements": 6, "percent_covered": 100.0, "percent_covered_display": "100", "missing_lines": 0, "excluded_lines": 0}, "missing_lines": [], "excluded_lines": []}, "BlogIntegrationTests.test_search_and_view_post": {"executed_lines": [328, 331, 334, 337, 340], "summary": {"covered_lines": 5, "num_statements": 5, "percent_covered": 100.0, "percent_covered_display": "100", "missing_lines": 0, "excluded_lines": 0}, "missing_lines": [], "excluded_lines": []}, "": {"executed_lines": [1, 5, 6, 7, 8, 10, 11, 14, 15, 17, 25, 39, 49, 82, 97, 98, 100, 120, 125, 130, 143, 151, 170, 187, 188, 190, 209, 216, 223, 230, 245, 252, 267, 287, 288, 290, 309, 325], "summary": {"covered_lines": 33, "num_statements": 33, "percent_covered": 100.0, "percent_covered_display": "100", "missing_lines": 0, "excluded_lines": 0}, "missing_lines": [], "excluded_lines": []}}, "classes": {"PostModelTests": {"executed_lines": [19, 27, 35, 36, 37, 41, 46, 47, 52, 61, 69, 77, 78, 79, 80, 84, 92, 93, 94], "summary": {"covered_lines": 19, "num_statements": 19, "percent_covered": 100.0, "percent_covered_display": "100", "missing_lines": 0, "excluded_lines": 0}, "missing_lines": [], "excluded_lines": []}, "PostListViewTests": {"executed_lines": [102, 103, 110, 111, 122, 123, 127, 128, 132, 133, 136, 139, 140, 141, 145, 146, 149, 154, 163, 164, 167, 168, 173, 180, 181, 184], "summary": {"covered_lines": 26, "num_statements": 26, "percent_covered": 100.0, "percent_covered_display": "100", "missing_lines": 0, "excluded_lines": 0}, "missing_lines": [], "excluded_lines": []}, "PostDetailViewTests": {"executed_lines": [192, 193, 199, 211, 214, 218, 221, 225, 228, 232, 240, 243, 247, 250, 255, 256, 259, 264, 265, 270, 271, 279, 284], "summary": {"covered_lines": 23, "num_statements": 23, "percent_covered": 100.0, "percent_covered_display": "100", "missing_lines": 0, "excluded_lines": 0}, "missing_lines": [], "excluded_lines": []}, "BlogIntegrationTests": {"executed_lines": [292, 293, 299, 312, 313, 316, 319, 322, 323, 328, 331, 334, 337, 340], "summary": {"covered_lines": 14, "num_statements": 14, "percent_covered": 100.0, "percent_covered_display": "100", "missing_lines": 0, "excluded_lines": 0}, "missing_lines": [], "excluded_lines": []}, "": {"executed_lines": [1, 5, 6, 7, 8, 10, 11, 14, 15, 17, 25, 39, 49, 82, 97, 98, 100, 120, 125, 130, 143, 151, 170, 187, 188, 190, 209, 216, 223, 230, 245, 252, 267, 287, 288, 290, 309, 325], "summary": {"covered_lines": 33, "num_statements": 33, "percent_covered": 100.0, "percent_covered_display": "100", "missing_lines": 0, "excluded_lines": 0}, "missing_lines": [], "excluded_lines": []}}}, "apps\\blog\\urls.py": {"executed_lines": [1, 3, 5, 7], "summary": {"covered_lines": 4, "num_statements": 4, "percent_covered": 100.0, "percent_covered_display": "100", "missing_lines": 0, "excluded_lines": 0}, "missing_lines": [], "excluded_lines": [], "functions": {"": {"executed_lines": [1, 3, 5, 7], "summary": {"covered_lines": 4, "num_statements": 4, "percent_covered": 100.0, "percent_covered_display": "100", "missing_lines": 0, "excluded_lines": 0}, "missing_lines": [], "excluded_lines": []}}, "classes": {"": {"executed_lines": [1, 3, 5, 7], "summary": {"covered_lines": 4, "num_statements": 4, "percent_covered": 100.0, "percent_covered_display": "100", "missing_lines": 0, "excluded_lines": 0}, "missing_lines": [], "excluded_lines": []}}}, "apps\\blog\\views.py": {"executed_lines": [1, 2, 4, 7, 8, 18, 19, 20, 21, 23, 31, 34, 35, 36, 42, 44, 51, 54, 57, 58, 60, 61, 62, 63, 66, 67, 68, 69, 70, 72, 75, 76, 86, 87, 88, 89, 90, 92, 100, 102, 109, 112, 115, 117, 119, 126, 129, 130, 133, 134, 135, 136, 138], "summary": {"covered_lines": 51, "num_statements": 51, "percent_covered": 100.0, "percent_covered_display": "100", "missing_lines": 0, "excluded_lines": 0}, "missing_lines": [], "excluded_lines": [], "functions": {"PostListView.get_queryset": {"executed_lines": [31, 34, 35, 36, 42], "summary": {"covered_lines": 5, "num_statements": 5, "percent_covered": 100.0, "percent_covered_display": "100", "missing_lines": 0, "excluded_lines": 0}, "missing_lines": [], "excluded_lines": []}, "PostListView.get_context_data": {"executed_lines": [51, 54, 57, 58, 60, 61, 62, 63, 66, 67, 68, 69, 70, 72], "summary": {"covered_lines": 14, "num_statements": 14, "percent_covered": 100.0, "percent_covered_display": "100", "missing_lines": 0, "excluded_lines": 0}, "missing_lines": [], "excluded_lines": []}, "PostDetailView.get_queryset": {"executed_lines": [100], "summary": {"covered_lines": 1, "num_statements": 1, "percent_covered": 100.0, "percent_covered_display": "100", "missing_lines": 0, "excluded_lines": 0}, "missing_lines": [], "excluded_lines": []}, "PostDetailView.get_object": {"executed_lines": [109, 112, 115, 117], "summary": {"covered_lines": 4, "num_statements": 4, "percent_covered": 100.0, "percent_covered_display": "100", "missing_lines": 0, "excluded_lines": 0}, "missing_lines": [], "excluded_lines": []}, "PostDetailView.get_context_data": {"executed_lines": [126, 129, 130, 133, 134, 135, 136, 138], "summary": {"covered_lines": 8, "num_statements": 8, "percent_covered": 100.0, "percent_covered_display": "100", "missing_lines": 0, "excluded_lines": 0}, "missing_lines": [], "excluded_lines": []}, "": {"executed_lines": [1, 2, 4, 7, 8, 18, 19, 20, 21, 23, 44, 75, 76, 86, 87, 88, 89, 90, 92, 102, 119], "summary": {"covered_lines": 19, "num_statements": 19, "percent_covered": 100.0, "percent_covered_display": "100", "missing_lines": 0, "excluded_lines": 0}, "missing_lines": [], "excluded_lines": []}}, "classes": {"PostListView": {"executed_lines": [31, 34, 35, 36, 42, 51, 54, 57, 58, 60, 61, 62, 63, 66, 67, 68, 69, 70, 72], "summary": {"covered_lines": 19, "num_statements": 19, "percent_covered": 100.0, "percent_covered_display": "100", "missing_lines": 0, "excluded_lines": 0}, "missing_lines": [], "excluded_lines": []}, "PostDetailView": {"executed_lines": [100, 109, 112, 115, 117, 126, 129, 130, 133, 134, 135, 136, 138], "summary": {"covered_lines": 13, "num_statements": 13, "percent_covered": 100.0, "percent_covered_display": "100", "missing_lines": 0, "excluded_lines": 0}, "missing_lines": [], "excluded_lines": []}, "": {"executed_lines": [1, 2, 4, 7, 8, 18, 19, 20, 21, 23, 44, 75, 76, 86, 87, 88, 89, 90, 92, 102, 119], "summary": {"covered_lines": 19, "num_statements": 19, "percent_covered": 100.0, "percent_covered_display": "100", "missing_lines": 0, "excluded_lines": 0}, "missing_lines": [], "excluded_lines": []}}}, "apps\\contact\\__init__.py": {"executed_lines": [0], "summary": {"covered_lines": 0, "num_statements": 0, "percent_covered": 100.0, "percent_covered_display": "100", "missing_lines": 0, "excluded_lines": 0}, "missing_lines": [], "excluded_lines": [], "functions": {"": {"executed_lines": [], "summary": {"covered_lines": 0, "num_statements": 0, "percent_covered": 100.0, "percent_covered_display": "100", "missing_lines": 0, "excluded_lines": 0}, "missing_lines": [], "excluded_lines": []}}, "classes": {"": {"executed_lines": [], "summary": {"covered_lines": 0, "num_statements": 0, "percent_covered": 100.0, "percent_covered_display": "100", "missing_lines": 0, "excluded_lines": 0}, "missing_lines": [], "excluded_lines": []}}}, "apps\\contact\\admin.py": {"executed_lines": [1, 3, 6, 7, 8, 9, 10, 11, 12, 13, 15, 21, 23, 27, 29, 33], "summary": {"covered_lines": 16, "num_statements": 20, "percent_covered": 80.0, "percent_covered_display": "80", "missing_lines": 4, "excluded_lines": 0}, "missing_lines": [24, 25, 30, 31], "excluded_lines": [], "functions": {"ContactMessageAdmin.mark_as_read": {"executed_lines": [], "summary": {"covered_lines": 0, "num_statements": 2, "percent_covered": 0.0, "percent_covered_display": "0", "missing_lines": 2, "excluded_lines": 0}, "missing_lines": [24, 25], "excluded_lines": []}, "ContactMessageAdmin.mark_as_unread": {"executed_lines": [], "summary": {"covered_lines": 0, "num_statements": 2, "percent_covered": 0.0, "percent_covered_display": "0", "missing_lines": 2, "excluded_lines": 0}, "missing_lines": [30, 31], "excluded_lines": []}, "": {"executed_lines": [1, 3, 6, 7, 8, 9, 10, 11, 12, 13, 15, 21, 23, 27, 29, 33], "summary": {"covered_lines": 16, "num_statements": 16, "percent_covered": 100.0, "percent_covered_display": "100", "missing_lines": 0, "excluded_lines": 0}, "missing_lines": [], "excluded_lines": []}}, "classes": {"ContactMessageAdmin": {"executed_lines": [], "summary": {"covered_lines": 0, "num_statements": 4, "percent_covered": 0.0, "percent_covered_display": "0", "missing_lines": 4, "excluded_lines": 0}, "missing_lines": [24, 25, 30, 31], "excluded_lines": []}, "": {"executed_lines": [1, 3, 6, 7, 8, 9, 10, 11, 12, 13, 15, 21, 23, 27, 29, 33], "summary": {"covered_lines": 16, "num_statements": 16, "percent_covered": 100.0, "percent_covered_display": "100", "missing_lines": 0, "excluded_lines": 0}, "missing_lines": [], "excluded_lines": []}}}, "apps\\contact\\apps.py": {"executed_lines": [1, 4, 5, 6], "summary": {"covered_lines": 4, "num_statements": 4, "percent_covered": 100.0, "percent_covered_display": "100", "missing_lines": 0, "excluded_lines": 0}, "missing_lines": [], "excluded_lines": [], "functions": {"": {"executed_lines": [1, 4, 5, 6], "summary": {"covered_lines": 4, "num_statements": 4, "percent_covered": 100.0, "percent_covered_display": "100", "missing_lines": 0, "excluded_lines": 0}, "missing_lines": [], "excluded_lines": []}}, "classes": {"ContactConfig": {"executed_lines": [], "summary": {"covered_lines": 0, "num_statements": 0, "percent_covered": 100.0, "percent_covered_display": "100", "missing_lines": 0, "excluded_lines": 0}, "missing_lines": [], "excluded_lines": []}, "": {"executed_lines": [1, 4, 5, 6], "summary": {"covered_lines": 4, "num_statements": 4, "percent_covered": 100.0, "percent_covered_display": "100", "missing_lines": 0, "excluded_lines": 0}, "missing_lines": [], "excluded_lines": []}}}, "apps\\contact\\forms.py": {"executed_lines": [1, 5, 6, 8, 9, 10, 12, 15, 16, 20, 22, 23, 24, 25, 58, 60, 61, 65, 66, 69, 73, 74, 79, 88, 89, 92, 94, 96, 97, 101, 104, 114, 115, 116, 120, 122, 124, 125, 129, 130, 133, 137, 144, 145, 146, 150, 152, 154, 155, 159, 162, 166, 167, 172, 173, 176, 177, 178, 187, 189, 191, 192, 194, 195, 197, 199, 202, 203, 205, 207, 208, 211], "summary": {"covered_lines": 70, "num_statements": 80, "percent_covered": 87.5, "percent_covered_display": "88", "missing_lines": 10, "excluded_lines": 0}, "missing_lines": [62, 70, 90, 98, 118, 126, 134, 156, 163, 209], "excluded_lines": [], "functions": {"ContactForm.clean_name": {"executed_lines": [60, 61, 65, 66, 69, 73, 74, 79, 88, 89, 92], "summary": {"covered_lines": 11, "num_statements": 14, "percent_covered": 78.57142857142857, "percent_covered_display": "79", "missing_lines": 3, "excluded_lines": 0}, "missing_lines": [62, 70, 90], "excluded_lines": []}, "ContactForm.clean_email": {"executed_lines": [96, 97, 101, 104, 114, 115, 116, 120], "summary": {"covered_lines": 8, "num_statements": 10, "percent_covered": 80.0, "percent_covered_display": "80", "missing_lines": 2, "excluded_lines": 0}, "missing_lines": [98, 118], "excluded_lines": []}, "ContactForm.clean_subject": {"executed_lines": [124, 125, 129, 130, 133, 137, 144, 145, 146, 150], "summary": {"covered_lines": 10, "num_statements": 12, "percent_covered": 83.33333333333333, "percent_covered_display": "83", "missing_lines": 2, "excluded_lines": 0}, "missing_lines": [126, 134], "excluded_lines": []}, "ContactForm.clean_message": {"executed_lines": [154, 155, 159, 162, 166, 167, 172, 173, 176, 177, 178, 187], "summary": {"covered_lines": 12, "num_statements": 14, "percent_covered": 85.71428571428571, "percent_covered_display": "86", "missing_lines": 2, "excluded_lines": 0}, "missing_lines": [156, 163], "excluded_lines": []}, "ContactForm.clean_website": {"executed_lines": [191, 192, 194, 195], "summary": {"covered_lines": 4, "num_statements": 4, "percent_covered": 100.0, "percent_covered_display": "100", "missing_lines": 0, "excluded_lines": 0}, "missing_lines": [], "excluded_lines": []}, "ContactForm.clean": {"executed_lines": [199, 202, 203, 205, 207, 208, 211], "summary": {"covered_lines": 7, "num_statements": 8, "percent_covered": 87.5, "percent_covered_display": "88", "missing_lines": 1, "excluded_lines": 0}, "missing_lines": [209], "excluded_lines": []}, "": {"executed_lines": [1, 5, 6, 8, 9, 10, 12, 15, 16, 20, 22, 23, 24, 25, 58, 94, 122, 152, 189, 197], "summary": {"covered_lines": 18, "num_statements": 18, "percent_covered": 100.0, "percent_covered_display": "100", "missing_lines": 0, "excluded_lines": 0}, "missing_lines": [], "excluded_lines": []}}, "classes": {"ContactForm": {"executed_lines": [60, 61, 65, 66, 69, 73, 74, 79, 88, 89, 92, 96, 97, 101, 104, 114, 115, 116, 120, 124, 125, 129, 130, 133, 137, 144, 145, 146, 150, 154, 155, 159, 162, 166, 167, 172, 173, 176, 177, 178, 187, 191, 192, 194, 195, 199, 202, 203, 205, 207, 208, 211], "summary": {"covered_lines": 52, "num_statements": 62, "percent_covered": 83.87096774193549, "percent_covered_display": "84", "missing_lines": 10, "excluded_lines": 0}, "missing_lines": [62, 70, 90, 98, 118, 126, 134, 156, 163, 209], "excluded_lines": []}, "ContactForm.Meta": {"executed_lines": [], "summary": {"covered_lines": 0, "num_statements": 0, "percent_covered": 100.0, "percent_covered_display": "100", "missing_lines": 0, "excluded_lines": 0}, "missing_lines": [], "excluded_lines": []}, "": {"executed_lines": [1, 5, 6, 8, 9, 10, 12, 15, 16, 20, 22, 23, 24, 25, 58, 94, 122, 152, 189, 197], "summary": {"covered_lines": 18, "num_statements": 18, "percent_covered": 100.0, "percent_covered_display": "100", "missing_lines": 0, "excluded_lines": 0}, "missing_lines": [], "excluded_lines": []}}}, "apps\\contact\\models.py": {"executed_lines": [1, 3, 4, 5, 6, 7, 10, 11, 13, 19, 24, 27, 32, 36, 42, 43, 45, 46, 47, 48, 49, 55, 58, 60, 63, 64, 65, 66, 71, 72, 79, 80, 81, 82, 85, 86, 91, 92, 93, 94, 98, 100, 101], "summary": {"covered_lines": 42, "num_statements": 43, "percent_covered": 97.67441860465117, "percent_covered_display": "98", "missing_lines": 1, "excluded_lines": 0}, "missing_lines": [56], "excluded_lines": [], "functions": {"ContactMessage.__str__": {"executed_lines": [], "summary": {"covered_lines": 0, "num_statements": 1, "percent_covered": 0.0, "percent_covered_display": "0", "missing_lines": 1, "excluded_lines": 0}, "missing_lines": [56], "excluded_lines": []}, "ContactMessage.clean": {"executed_lines": [60, 63, 64, 65, 66, 71, 72, 79, 80, 81, 82, 85, 86, 91, 92, 93, 94], "summary": {"covered_lines": 17, "num_statements": 17, "percent_covered": 100.0, "percent_covered_display": "100", "missing_lines": 0, "excluded_lines": 0}, "missing_lines": [], "excluded_lines": []}, "ContactMessage.save": {"executed_lines": [100, 101], "summary": {"covered_lines": 2, "num_statements": 2, "percent_covered": 100.0, "percent_covered_display": "100", "missing_lines": 0, "excluded_lines": 0}, "missing_lines": [], "excluded_lines": []}, "": {"executed_lines": [1, 3, 4, 5, 6, 7, 10, 11, 13, 19, 24, 27, 32, 36, 42, 43, 45, 46, 47, 48, 49, 55, 58, 98], "summary": {"covered_lines": 23, "num_statements": 23, "percent_covered": 100.0, "percent_covered_display": "100", "missing_lines": 0, "excluded_lines": 0}, "missing_lines": [], "excluded_lines": []}}, "classes": {"ContactMessage": {"executed_lines": [60, 63, 64, 65, 66, 71, 72, 79, 80, 81, 82, 85, 86, 91, 92, 93, 94, 100, 101], "summary": {"covered_lines": 19, "num_statements": 20, "percent_covered": 95.0, "percent_covered_display": "95", "missing_lines": 1, "excluded_lines": 0}, "missing_lines": [56], "excluded_lines": []}, "ContactMessage.Meta": {"executed_lines": [], "summary": {"covered_lines": 0, "num_statements": 0, "percent_covered": 100.0, "percent_covered_display": "100", "missing_lines": 0, "excluded_lines": 0}, "missing_lines": [], "excluded_lines": []}, "": {"executed_lines": [1, 3, 4, 5, 6, 7, 10, 11, 13, 19, 24, 27, 32, 36, 42, 43, 45, 46, 47, 48, 49, 55, 58, 98], "summary": {"covered_lines": 23, "num_statements": 23, "percent_covered": 100.0, "percent_covered_display": "100", "missing_lines": 0, "excluded_lines": 0}, "missing_lines": [], "excluded_lines": []}}}, "apps\\contact\\tests.py": {"executed_lines": [1, 6, 8, 9, 10, 11, 12, 14, 15, 18, 19, 21, 23, 31, 33, 34, 35, 36, 37, 39, 41, 42, 43, 44, 45, 46, 48, 50, 51, 52, 53, 54, 55, 57, 59, 60, 61, 62, 63, 64, 66, 68, 69, 70, 71, 72, 73, 75, 77, 78, 79, 80, 81, 82, 84, 86, 87, 88, 89, 90, 91, 93, 95, 96, 97, 98, 99, 101, 103, 104, 105, 106, 108, 109, 112, 113, 115, 117, 126, 128, 129, 131, 133, 134, 135, 136, 137, 138, 140, 142, 143, 144, 145, 146, 148, 150, 151, 152, 153, 154, 156, 158, 164, 165, 166, 167, 168, 170, 172, 178, 179, 180, 181, 182, 186, 188, 189, 190, 191, 192, 194, 196, 197, 198, 199, 200, 202, 204, 205, 206, 207, 208, 210, 212, 213, 214, 215, 216, 217, 219, 221, 222, 223, 224, 225, 228, 229, 231, 233, 234, 235, 244, 246, 248, 250, 251, 252, 253, 254, 256, 258, 261, 264, 265, 266, 267, 269, 271, 272, 274, 277, 280, 282, 286, 287, 288, 290, 293, 294, 295, 296, 299, 300, 301, 304, 305, 313, 315, 316, 317, 323, 324, 326, 328, 329, 331, 333, 335, 337, 346, 348, 354, 356, 366, 369, 370, 372, 374, 383, 385], "summary": {"covered_lines": 205, "num_statements": 208, "percent_covered": 98.5576923076923, "percent_covered_display": "99", "missing_lines": 3, "excluded_lines": 0}, "missing_lines": [350, 351, 352], "excluded_lines": [], "functions": {"ContactMessageModelTests.setUp": {"executed_lines": [23], "summary": {"covered_lines": 1, "num_statements": 1, "percent_covered": 100.0, "percent_covered_display": "100", "missing_lines": 0, "excluded_lines": 0}, "missing_lines": [], "excluded_lines": []}, "ContactMessageModelTests.test_valid_contact_message": {"executed_lines": [33, 34, 35, 36, 37], "summary": {"covered_lines": 5, "num_statements": 5, "percent_covered": 100.0, "percent_covered_display": "100", "missing_lines": 0, "excluded_lines": 0}, "missing_lines": [], "excluded_lines": []}, "ContactMessageModelTests.test_name_too_short": {"executed_lines": [41, 42, 43, 44, 45, 46], "summary": {"covered_lines": 6, "num_statements": 6, "percent_covered": 100.0, "percent_covered_display": "100", "missing_lines": 0, "excluded_lines": 0}, "missing_lines": [], "excluded_lines": []}, "ContactMessageModelTests.test_name_invalid_characters": {"executed_lines": [50, 51, 52, 53, 54, 55], "summary": {"covered_lines": 6, "num_statements": 6, "percent_covered": 100.0, "percent_covered_display": "100", "missing_lines": 0, "excluded_lines": 0}, "missing_lines": [], "excluded_lines": []}, "ContactMessageModelTests.test_message_too_short": {"executed_lines": [59, 60, 61, 62, 63, 64], "summary": {"covered_lines": 6, "num_statements": 6, "percent_covered": 100.0, "percent_covered_display": "100", "missing_lines": 0, "excluded_lines": 0}, "missing_lines": [], "excluded_lines": []}, "ContactMessageModelTests.test_message_too_long": {"executed_lines": [68, 69, 70, 71, 72, 73], "summary": {"covered_lines": 6, "num_statements": 6, "percent_covered": 100.0, "percent_covered_display": "100", "missing_lines": 0, "excluded_lines": 0}, "missing_lines": [], "excluded_lines": []}, "ContactMessageModelTests.test_subject_too_short": {"executed_lines": [77, 78, 79, 80, 81, 82], "summary": {"covered_lines": 6, "num_statements": 6, "percent_covered": 100.0, "percent_covered_display": "100", "missing_lines": 0, "excluded_lines": 0}, "missing_lines": [], "excluded_lines": []}, "ContactMessageModelTests.test_email_validation": {"executed_lines": [86, 87, 88, 89, 90, 91], "summary": {"covered_lines": 6, "num_statements": 6, "percent_covered": 100.0, "percent_covered_display": "100", "missing_lines": 0, "excluded_lines": 0}, "missing_lines": [], "excluded_lines": []}, "ContactMessageModelTests.test_preferred_channel_choices": {"executed_lines": [95, 96, 97, 98, 99], "summary": {"covered_lines": 5, "num_statements": 5, "percent_covered": 100.0, "percent_covered_display": "100", "missing_lines": 0, "excluded_lines": 0}, "missing_lines": [], "excluded_lines": []}, "ContactMessageModelTests.test_ordering": {"executed_lines": [103, 104, 105, 106, 108, 109], "summary": {"covered_lines": 6, "num_statements": 6, "percent_covered": 100.0, "percent_covered_display": "100", "missing_lines": 0, "excluded_lines": 0}, "missing_lines": [], "excluded_lines": []}, "ContactFormTests.setUp": {"executed_lines": [117], "summary": {"covered_lines": 1, "num_statements": 1, "percent_covered": 100.0, "percent_covered_display": "100", "missing_lines": 0, "excluded_lines": 0}, "missing_lines": [], "excluded_lines": []}, "ContactFormTests.test_valid_form": {"executed_lines": [128, 129], "summary": {"covered_lines": 2, "num_statements": 2, "percent_covered": 100.0, "percent_covered_display": "100", "missing_lines": 0, "excluded_lines": 0}, "missing_lines": [], "excluded_lines": []}, "ContactFormTests.test_empty_form": {"executed_lines": [133, 134, 135, 136, 137, 138], "summary": {"covered_lines": 6, "num_statements": 6, "percent_covered": 100.0, "percent_covered_display": "100", "missing_lines": 0, "excluded_lines": 0}, "missing_lines": [], "excluded_lines": []}, "ContactFormTests.test_name_with_numbers": {"executed_lines": [142, 143, 144, 145, 146], "summary": {"covered_lines": 5, "num_statements": 5, "percent_covered": 100.0, "percent_covered_display": "100", "missing_lines": 0, "excluded_lines": 0}, "missing_lines": [], "excluded_lines": []}, "ContactFormTests.test_name_with_url": {"executed_lines": [150, 151, 152, 153, 154], "summary": {"covered_lines": 5, "num_statements": 5, "percent_covered": 100.0, "percent_covered_display": "100", "missing_lines": 0, "excluded_lines": 0}, "missing_lines": [], "excluded_lines": []}, "ContactFormTests.test_email_format": {"executed_lines": [158, 164, 165, 166, 167, 168], "summary": {"covered_lines": 6, "num_statements": 6, "percent_covered": 100.0, "percent_covered_display": "100", "missing_lines": 0, "excluded_lines": 0}, "missing_lines": [], "excluded_lines": []}, "ContactFormTests.test_subject_spam_detection": {"executed_lines": [172, 178, 179, 180, 181, 182], "summary": {"covered_lines": 6, "num_statements": 6, "percent_covered": 100.0, "percent_covered_display": "100", "missing_lines": 0, "excluded_lines": 0}, "missing_lines": [], "excluded_lines": []}, "ContactFormTests.test_message_url_limit": {"executed_lines": [188, 189, 190, 191, 192], "summary": {"covered_lines": 5, "num_statements": 5, "percent_covered": 100.0, "percent_covered_display": "100", "missing_lines": 0, "excluded_lines": 0}, "missing_lines": [], "excluded_lines": []}, "ContactFormTests.test_message_repeated_characters": {"executed_lines": [196, 197, 198, 199, 200], "summary": {"covered_lines": 5, "num_statements": 5, "percent_covered": 100.0, "percent_covered_display": "100", "missing_lines": 0, "excluded_lines": 0}, "missing_lines": [], "excluded_lines": []}, "ContactFormTests.test_honeypot_spam_detection": {"executed_lines": [204, 205, 206, 207, 208], "summary": {"covered_lines": 5, "num_statements": 5, "percent_covered": 100.0, "percent_covered_display": "100", "missing_lines": 0, "excluded_lines": 0}, "missing_lines": [], "excluded_lines": []}, "ContactFormTests.test_html_sanitization": {"executed_lines": [212, 213, 214, 215, 216, 217], "summary": {"covered_lines": 6, "num_statements": 6, "percent_covered": 100.0, "percent_covered_display": "100", "missing_lines": 0, "excluded_lines": 0}, "missing_lines": [], "excluded_lines": []}, "ContactFormTests.test_whitespace_normalization": {"executed_lines": [221, 222, 223, 224, 225], "summary": {"covered_lines": 5, "num_statements": 5, "percent_covered": 100.0, "percent_covered_display": "100", "missing_lines": 0, "excluded_lines": 0}, "missing_lines": [], "excluded_lines": []}, "ContactViewTests.setUp": {"executed_lines": [233, 234, 235], "summary": {"covered_lines": 3, "num_statements": 3, "percent_covered": 100.0, "percent_covered_display": "100", "missing_lines": 0, "excluded_lines": 0}, "missing_lines": [], "excluded_lines": []}, "ContactViewTests.tearDown": {"executed_lines": [246], "summary": {"covered_lines": 1, "num_statements": 1, "percent_covered": 100.0, "percent_covered_display": "100", "missing_lines": 0, "excluded_lines": 0}, "missing_lines": [], "excluded_lines": []}, "ContactViewTests.test_get_contact_form": {"executed_lines": [250, 251, 252, 253, 254], "summary": {"covered_lines": 5, "num_statements": 5, "percent_covered": 100.0, "percent_covered_display": "100", "missing_lines": 0, "excluded_lines": 0}, "missing_lines": [], "excluded_lines": []}, "ContactViewTests.test_post_valid_form": {"executed_lines": [258, 261, 264, 265, 266, 267], "summary": {"covered_lines": 6, "num_statements": 6, "percent_covered": 100.0, "percent_covered_display": "100", "missing_lines": 0, "excluded_lines": 0}, "missing_lines": [], "excluded_lines": []}, "ContactViewTests.test_post_invalid_form": {"executed_lines": [271, 272, 274, 277, 280], "summary": {"covered_lines": 5, "num_statements": 5, "percent_covered": 100.0, "percent_covered_display": "100", "missing_lines": 0, "excluded_lines": 0}, "missing_lines": [], "excluded_lines": []}, "ContactViewTests.test_csrf_protection": {"executed_lines": [286, 287, 288], "summary": {"covered_lines": 3, "num_statements": 3, "percent_covered": 100.0, "percent_covered_display": "100", "missing_lines": 0, "excluded_lines": 0}, "missing_lines": [], "excluded_lines": []}, "ContactViewTests.test_rate_limiting": {"executed_lines": [293, 294, 295, 296, 299, 300, 301, 304, 305], "summary": {"covered_lines": 9, "num_statements": 9, "percent_covered": 100.0, "percent_covered_display": "100", "missing_lines": 0, "excluded_lines": 0}, "missing_lines": [], "excluded_lines": []}, "ContactViewTests.test_success_message": {"executed_lines": [315, 316, 317], "summary": {"covered_lines": 3, "num_statements": 3, "percent_covered": 100.0, "percent_covered_display": "100", "missing_lines": 0, "excluded_lines": 0}, "missing_lines": [], "excluded_lines": []}, "ContactSecurityTests.setUp": {"executed_lines": [328, 329], "summary": {"covered_lines": 2, "num_statements": 2, "percent_covered": 100.0, "percent_covered_display": "100", "missing_lines": 0, "excluded_lines": 0}, "missing_lines": [], "excluded_lines": []}, "ContactSecurityTests.tearDown": {"executed_lines": [333], "summary": {"covered_lines": 1, "num_statements": 1, "percent_covered": 100.0, "percent_covered_display": "100", "missing_lines": 0, "excluded_lines": 0}, "missing_lines": [], "excluded_lines": []}, "ContactSecurityTests.test_xss_prevention": {"executed_lines": [337, 346, 348], "summary": {"covered_lines": 3, "num_statements": 6, "percent_covered": 50.0, "percent_covered_display": "50", "missing_lines": 3, "excluded_lines": 0}, "missing_lines": [350, 351, 352], "excluded_lines": []}, "ContactSecurityTests.test_sql_injection_prevention": {"executed_lines": [356, 366, 369, 370], "summary": {"covered_lines": 4, "num_statements": 4, "percent_covered": 100.0, "percent_covered_display": "100", "missing_lines": 0, "excluded_lines": 0}, "missing_lines": [], "excluded_lines": []}, "ContactSecurityTests.test_extremely_long_input": {"executed_lines": [374, 383, 385], "summary": {"covered_lines": 3, "num_statements": 3, "percent_covered": 100.0, "percent_covered_display": "100", "missing_lines": 0, "excluded_lines": 0}, "missing_lines": [], "excluded_lines": []}, "": {"executed_lines": [1, 6, 8, 9, 10, 11, 12, 14, 15, 18, 19, 21, 31, 39, 48, 57, 66, 75, 84, 93, 101, 112, 113, 115, 126, 131, 140, 148, 156, 170, 186, 194, 202, 210, 219, 228, 229, 231, 244, 248, 256, 269, 282, 290, 313, 323, 324, 326, 331, 335, 354, 372], "summary": {"covered_lines": 47, "num_statements": 47, "percent_covered": 100.0, "percent_covered_display": "100", "missing_lines": 0, "excluded_lines": 0}, "missing_lines": [], "excluded_lines": []}}, "classes": {"ContactMessageModelTests": {"executed_lines": [23, 33, 34, 35, 36, 37, 41, 42, 43, 44, 45, 46, 50, 51, 52, 53, 54, 55, 59, 60, 61, 62, 63, 64, 68, 69, 70, 71, 72, 73, 77, 78, 79, 80, 81, 82, 86, 87, 88, 89, 90, 91, 95, 96, 97, 98, 99, 103, 104, 105, 106, 108, 109], "summary": {"covered_lines": 53, "num_statements": 53, "percent_covered": 100.0, "percent_covered_display": "100", "missing_lines": 0, "excluded_lines": 0}, "missing_lines": [], "excluded_lines": []}, "ContactFormTests": {"executed_lines": [117, 128, 129, 133, 134, 135, 136, 137, 138, 142, 143, 144, 145, 146, 150, 151, 152, 153, 154, 158, 164, 165, 166, 167, 168, 172, 178, 179, 180, 181, 182, 188, 189, 190, 191, 192, 196, 197, 198, 199, 200, 204, 205, 206, 207, 208, 212, 213, 214, 215, 216, 217, 221, 222, 223, 224, 225], "summary": {"covered_lines": 57, "num_statements": 57, "percent_covered": 100.0, "percent_covered_display": "100", "missing_lines": 0, "excluded_lines": 0}, "missing_lines": [], "excluded_lines": []}, "ContactViewTests": {"executed_lines": [233, 234, 235, 246, 250, 251, 252, 253, 254, 258, 261, 264, 265, 266, 267, 271, 272, 274, 277, 280, 286, 287, 288, 293, 294, 295, 296, 299, 300, 301, 304, 305, 315, 316, 317], "summary": {"covered_lines": 35, "num_statements": 35, "percent_covered": 100.0, "percent_covered_display": "100", "missing_lines": 0, "excluded_lines": 0}, "missing_lines": [], "excluded_lines": []}, "ContactSecurityTests": {"executed_lines": [328, 329, 333, 337, 346, 348, 356, 366, 369, 370, 374, 383, 385], "summary": {"covered_lines": 13, "num_statements": 16, "percent_covered": 81.25, "percent_covered_display": "81", "missing_lines": 3, "excluded_lines": 0}, "missing_lines": [350, 351, 352], "excluded_lines": []}, "": {"executed_lines": [1, 6, 8, 9, 10, 11, 12, 14, 15, 18, 19, 21, 31, 39, 48, 57, 66, 75, 84, 93, 101, 112, 113, 115, 126, 131, 140, 148, 156, 170, 186, 194, 202, 210, 219, 228, 229, 231, 244, 248, 256, 269, 282, 290, 313, 323, 324, 326, 331, 335, 354, 372], "summary": {"covered_lines": 47, "num_statements": 47, "percent_covered": 100.0, "percent_covered_display": "100", "missing_lines": 0, "excluded_lines": 0}, "missing_lines": [], "excluded_lines": []}}}, "apps\\contact\\urls.py": {"executed_lines": [1, 3, 5, 7], "summary": {"covered_lines": 4, "num_statements": 4, "percent_covered": 100.0, "percent_covered_display": "100", "missing_lines": 0, "excluded_lines": 0}, "missing_lines": [], "excluded_lines": [], "functions": {"": {"executed_lines": [1, 3, 5, 7], "summary": {"covered_lines": 4, "num_statements": 4, "percent_covered": 100.0, "percent_covered_display": "100", "missing_lines": 0, "excluded_lines": 0}, "missing_lines": [], "excluded_lines": []}}, "classes": {"": {"executed_lines": [1, 3, 5, 7], "summary": {"covered_lines": 4, "num_statements": 4, "percent_covered": 100.0, "percent_covered_display": "100", "missing_lines": 0, "excluded_lines": 0}, "missing_lines": [], "excluded_lines": []}}}, "apps\\contact\\views.py": {"executed_lines": [1, 2, 4, 5, 6, 7, 8, 9, 10, 11, 13, 15, 18, 20, 21, 23, 28, 29, 30, 32, 35, 37, 39, 42, 43, 44, 46, 47, 48, 49, 53, 56, 58, 59, 61, 64, 67, 68, 71, 76, 77, 89, 90, 100, 105, 108, 109, 110, 112, 114, 117, 118], "summary": {"covered_lines": 52, "num_statements": 58, "percent_covered": 89.65517241379311, "percent_covered_display": "90", "missing_lines": 6, "excluded_lines": 0}, "missing_lines": [22, 86, 87, 92, 93, 94], "excluded_lines": [], "functions": {"get_client_ip": {"executed_lines": [20, 21, 23], "summary": {"covered_lines": 3, "num_statements": 4, "percent_covered": 75.0, "percent_covered_display": "75", "missing_lines": 1, "excluded_lines": 0}, "missing_lines": [22], "excluded_lines": []}, "contact_form": {"executed_lines": [32, 35, 37, 39, 42, 43, 44, 46, 47, 48, 49, 53, 56, 58, 59, 61, 64, 67, 68, 71, 76, 77, 89, 90, 100, 105, 108, 109, 110, 112, 114], "summary": {"covered_lines": 31, "num_statements": 36, "percent_covered": 86.11111111111111, "percent_covered_display": "86", "missing_lines": 5, "excluded_lines": 0}, "missing_lines": [86, 87, 92, 93, 94], "excluded_lines": []}, "contact_success": {"executed_lines": [118], "summary": {"covered_lines": 1, "num_statements": 1, "percent_covered": 100.0, "percent_covered_display": "100", "missing_lines": 0, "excluded_lines": 0}, "missing_lines": [], "excluded_lines": []}, "": {"executed_lines": [1, 2, 4, 5, 6, 7, 8, 9, 10, 11, 13, 15, 18, 28, 29, 30, 117], "summary": {"covered_lines": 17, "num_statements": 17, "percent_covered": 100.0, "percent_covered_display": "100", "missing_lines": 0, "excluded_lines": 0}, "missing_lines": [], "excluded_lines": []}}, "classes": {"": {"executed_lines": [1, 2, 4, 5, 6, 7, 8, 9, 10, 11, 13, 15, 18, 20, 21, 23, 28, 29, 30, 32, 35, 37, 39, 42, 43, 44, 46, 47, 48, 49, 53, 56, 58, 59, 61, 64, 67, 68, 71, 76, 77, 89, 90, 100, 105, 108, 109, 110, 112, 114, 117, 118], "summary": {"covered_lines": 52, "num_statements": 58, "percent_covered": 89.65517241379311, "percent_covered_display": "90", "missing_lines": 6, "excluded_lines": 0}, "missing_lines": [22, 86, 87, 92, 93, 94], "excluded_lines": []}}}, "apps\\main\\__init__.py": {"executed_lines": [0], "summary": {"covered_lines": 0, "num_statements": 0, "percent_covered": 100.0, "percent_covered_display": "100", "missing_lines": 0, "excluded_lines": 0}, "missing_lines": [], "excluded_lines": [], "functions": {"": {"executed_lines": [], "summary": {"covered_lines": 0, "num_statements": 0, "percent_covered": 100.0, "percent_covered_display": "100", "missing_lines": 0, "excluded_lines": 0}, "missing_lines": [], "excluded_lines": []}}, "classes": {"": {"executed_lines": [], "summary": {"covered_lines": 0, "num_statements": 0, "percent_covered": 100.0, "percent_covered_display": "100", "missing_lines": 0, "excluded_lines": 0}, "missing_lines": [], "excluded_lines": []}}}, "apps\\main\\admin.py": {"executed_lines": [1, 2, 3, 5, 6, 20, 21, 22, 23, 24, 25, 28, 29, 30, 31, 32, 33, 34, 37, 38, 39, 40, 41, 42, 43, 46, 47, 48, 57, 58, 59, 60, 61, 63, 83, 85, 91, 93, 101, 104, 105, 106, 115, 123, 124, 125, 127, 157, 159, 168, 170, 178, 181, 182, 183, 191, 192, 193, 194, 196, 209, 211, 220, 223, 224, 225, 235, 236, 237, 238, 239, 242, 243, 245, 274, 281, 283, 291, 293, 294, 316, 317, 318, 326, 327, 328, 329, 331, 345, 347, 359, 362, 363, 364, 371, 372, 373, 375, 396, 398, 406, 409, 410, 411, 421, 422, 423, 424, 426, 449, 451, 457, 459, 467], "summary": {"covered_lines": 114, "num_statements": 154, "percent_covered": 74.02597402597402, "percent_covered_display": "74", "missing_lines": 40, "excluded_lines": 0}, "missing_lines": [86, 87, 88, 89, 94, 95, 99, 160, 161, 162, 171, 172, 176, 212, 213, 218, 284, 285, 289, 296, 297, 299, 301, 312, 313, 348, 349, 353, 354, 357, 399, 400, 404, 452, 453, 454, 455, 460, 461, 465], "excluded_lines": [], "functions": {"AIToolAdmin.rating_display": {"executed_lines": [], "summary": {"covered_lines": 0, "num_statements": 4, "percent_covered": 0.0, "percent_covered_display": "0", "missing_lines": 4, "excluded_lines": 0}, "missing_lines": [86, 87, 88, 89], "excluded_lines": []}, "AIToolAdmin.image_preview": {"executed_lines": [], "summary": {"covered_lines": 0, "num_statements": 3, "percent_covered": 0.0, "percent_covered_display": "0", "missing_lines": 3, "excluded_lines": 0}, "missing_lines": [94, 95, 99], "excluded_lines": []}, "CybersecurityResourceAdmin.severity_display": {"executed_lines": [], "summary": {"covered_lines": 0, "num_statements": 3, "percent_covered": 0.0, "percent_covered_display": "0", "missing_lines": 3, "excluded_lines": 0}, "missing_lines": [160, 161, 162], "excluded_lines": []}, "CybersecurityResourceAdmin.image_preview": {"executed_lines": [], "summary": {"covered_lines": 0, "num_statements": 3, "percent_covered": 0.0, "percent_covered_display": "0", "missing_lines": 3, "excluded_lines": 0}, "missing_lines": [171, 172, 176], "excluded_lines": []}, "BlogCategoryAdmin.color_preview": {"executed_lines": [], "summary": {"covered_lines": 0, "num_statements": 3, "percent_covered": 0.0, "percent_covered_display": "0", "missing_lines": 3, "excluded_lines": 0}, "missing_lines": [212, 213, 218], "excluded_lines": []}, "BlogPostAdmin.blog_image_preview": {"executed_lines": [], "summary": {"covered_lines": 0, "num_statements": 3, "percent_covered": 0.0, "percent_covered_display": "0", "missing_lines": 3, "excluded_lines": 0}, "missing_lines": [284, 285, 289], "excluded_lines": []}, "BlogPostAdmin.reindex_selected_posts": {"executed_lines": [], "summary": {"covered_lines": 0, "num_statements": 6, "percent_covered": 0.0, "percent_covered_display": "0", "missing_lines": 6, "excluded_lines": 0}, "missing_lines": [296, 297, 299, 301, 312, 313], "excluded_lines": []}, "MusicPlaylistAdmin.embed_preview": {"executed_lines": [], "summary": {"covered_lines": 0, "num_statements": 5, "percent_covered": 0.0, "percent_covered_display": "0", "missing_lines": 5, "excluded_lines": 0}, "missing_lines": [348, 349, 353, 354, 357], "excluded_lines": []}, "SpotifyCurrentTrackAdmin.spotify_image_preview": {"executed_lines": [], "summary": {"covered_lines": 0, "num_statements": 3, "percent_covered": 0.0, "percent_covered_display": "0", "missing_lines": 3, "excluded_lines": 0}, "missing_lines": [399, 400, 404], "excluded_lines": []}, "UsefulResourceAdmin.rating_display": {"executed_lines": [], "summary": {"covered_lines": 0, "num_statements": 4, "percent_covered": 0.0, "percent_covered_display": "0", "missing_lines": 4, "excluded_lines": 0}, "missing_lines": [452, 453, 454, 455], "excluded_lines": []}, "UsefulResourceAdmin.useful_image_preview": {"executed_lines": [], "summary": {"covered_lines": 0, "num_statements": 3, "percent_covered": 0.0, "percent_covered_display": "0", "missing_lines": 3, "excluded_lines": 0}, "missing_lines": [460, 461, 465], "excluded_lines": []}, "": {"executed_lines": [1, 2, 3, 5, 6, 20, 21, 22, 23, 24, 25, 28, 29, 30, 31, 32, 33, 34, 37, 38, 39, 40, 41, 42, 43, 46, 47, 48, 57, 58, 59, 60, 61, 63, 83, 85, 91, 93, 101, 104, 105, 106, 115, 123, 124, 125, 127, 157, 159, 168, 170, 178, 181, 182, 183, 191, 192, 193, 194, 196, 209, 211, 220, 223, 224, 225, 235, 236, 237, 238, 239, 242, 243, 245, 274, 281, 283, 291, 293, 294, 316, 317, 318, 326, 327, 328, 329, 331, 345, 347, 359, 362, 363, 364, 371, 372, 373, 375, 396, 398, 406, 409, 410, 411, 421, 422, 423, 424, 426, 449, 451, 457, 459, 467], "summary": {"covered_lines": 114, "num_statements": 114, "percent_covered": 100.0, "percent_covered_display": "100", "missing_lines": 0, "excluded_lines": 0}, "missing_lines": [], "excluded_lines": []}}, "classes": {"AdminUserAdmin": {"executed_lines": [], "summary": {"covered_lines": 0, "num_statements": 0, "percent_covered": 100.0, "percent_covered_display": "100", "missing_lines": 0, "excluded_lines": 0}, "missing_lines": [], "excluded_lines": []}, "PersonalInfoAdmin": {"executed_lines": [], "summary": {"covered_lines": 0, "num_statements": 0, "percent_covered": 100.0, "percent_covered_display": "100", "missing_lines": 0, "excluded_lines": 0}, "missing_lines": [], "excluded_lines": []}, "SocialLinkAdmin": {"executed_lines": [], "summary": {"covered_lines": 0, "num_statements": 0, "percent_covered": 100.0, "percent_covered_display": "100", "missing_lines": 0, "excluded_lines": 0}, "missing_lines": [], "excluded_lines": []}, "AIToolAdmin": {"executed_lines": [], "summary": {"covered_lines": 0, "num_statements": 7, "percent_covered": 0.0, "percent_covered_display": "0", "missing_lines": 7, "excluded_lines": 0}, "missing_lines": [86, 87, 88, 89, 94, 95, 99], "excluded_lines": []}, "CybersecurityResourceAdmin": {"executed_lines": [], "summary": {"covered_lines": 0, "num_statements": 6, "percent_covered": 0.0, "percent_covered_display": "0", "missing_lines": 6, "excluded_lines": 0}, "missing_lines": [160, 161, 162, 171, 172, 176], "excluded_lines": []}, "BlogCategoryAdmin": {"executed_lines": [], "summary": {"covered_lines": 0, "num_statements": 3, "percent_covered": 0.0, "percent_covered_display": "0", "missing_lines": 3, "excluded_lines": 0}, "missing_lines": [212, 213, 218], "excluded_lines": []}, "BlogPostAdmin": {"executed_lines": [], "summary": {"covered_lines": 0, "num_statements": 9, "percent_covered": 0.0, "percent_covered_display": "0", "missing_lines": 9, "excluded_lines": 0}, "missing_lines": [284, 285, 289, 296, 297, 299, 301, 312, 313], "excluded_lines": []}, "MusicPlaylistAdmin": {"executed_lines": [], "summary": {"covered_lines": 0, "num_statements": 5, "percent_covered": 0.0, "percent_covered_display": "0", "missing_lines": 5, "excluded_lines": 0}, "missing_lines": [348, 349, 353, 354, 357], "excluded_lines": []}, "SpotifyCurrentTrackAdmin": {"executed_lines": [], "summary": {"covered_lines": 0, "num_statements": 3, "percent_covered": 0.0, "percent_covered_display": "0", "missing_lines": 3, "excluded_lines": 0}, "missing_lines": [399, 400, 404], "excluded_lines": []}, "UsefulResourceAdmin": {"executed_lines": [], "summary": {"covered_lines": 0, "num_statements": 7, "percent_covered": 0.0, "percent_covered_display": "0", "missing_lines": 7, "excluded_lines": 0}, "missing_lines": [452, 453, 454, 455, 460, 461, 465], "excluded_lines": []}, "": {"executed_lines": [1, 2, 3, 5, 6, 20, 21, 22, 23, 24, 25, 28, 29, 30, 31, 32, 33, 34, 37, 38, 39, 40, 41, 42, 43, 46, 47, 48, 57, 58, 59, 60, 61, 63, 83, 85, 91, 93, 101, 104, 105, 106, 115, 123, 124, 125, 127, 157, 159, 168, 170, 178, 181, 182, 183, 191, 192, 193, 194, 196, 209, 211, 220, 223, 224, 225, 235, 236, 237, 238, 239, 242, 243, 245, 274, 281, 283, 291, 293, 294, 316, 317, 318, 326, 327, 328, 329, 331, 345, 347, 359, 362, 363, 364, 371, 372, 373, 375, 396, 398, 406, 409, 410, 411, 421, 422, 423, 424, 426, 449, 451, 457, 459, 467], "summary": {"covered_lines": 114, "num_statements": 114, "percent_covered": 100.0, "percent_covered_display": "100", "missing_lines": 0, "excluded_lines": 0}, "missing_lines": [], "excluded_lines": []}}}, "apps\\main\\admin_utils.py": {"executed_lines": [1, 6, 8, 11, 12, 18, 20, 21, 22, 24, 26, 31, 38, 50, 51, 57, 60, 62, 78, 92, 93, 99, 101, 111, 124], "summary": {"covered_lines": 21, "num_statements": 47, "percent_covered": 44.680851063829785, "percent_covered_display": "45", "missing_lines": 26, "excluded_lines": 0}, "missing_lines": [29, 36, 44, 47, 67, 68, 69, 70, 71, 74, 76, 84, 87, 88, 89, 105, 106, 107, 108, 109, 116, 117, 119, 120, 121, 122], "excluded_lines": [], "functions": {"TinyMCEAdminMixin.__init__": {"executed_lines": [21, 22], "summary": {"covered_lines": 2, "num_statements": 2, "percent_covered": 100.0, "percent_covered_display": "100", "missing_lines": 0, "excluded_lines": 0}, "missing_lines": [], "excluded_lines": []}, "TinyMCEAdminMixin._customize_tinymce_fields": {"executed_lines": [26], "summary": {"covered_lines": 1, "num_statements": 2, "percent_covered": 50.0, "percent_covered_display": "50", "missing_lines": 1, "excluded_lines": 0}, "missing_lines": [29], "excluded_lines": []}, "TinyMCEAdminMixin.save_model": {"executed_lines": [], "summary": {"covered_lines": 0, "num_statements": 1, "percent_covered": 0.0, "percent_covered_display": "0", "missing_lines": 1, "excluded_lines": 0}, "missing_lines": [36], "excluded_lines": []}, "TinyMCEAdminMixin.render_change_form": {"executed_lines": [], "summary": {"covered_lines": 0, "num_statements": 2, "percent_covered": 0.0, "percent_covered_display": "0", "missing_lines": 2, "excluded_lines": 0}, "missing_lines": [44, 47], "excluded_lines": []}, "SanitizedContentAdminMixin.save_model": {"executed_lines": [], "summary": {"covered_lines": 0, "num_statements": 7, "percent_covered": 0.0, "percent_covered_display": "0", "missing_lines": 7, "excluded_lines": 0}, "missing_lines": [67, 68, 69, 70, 71, 74, 76], "excluded_lines": []}, "SanitizedContentAdminMixin.render_change_form": {"executed_lines": [], "summary": {"covered_lines": 0, "num_statements": 4, "percent_covered": 0.0, "percent_covered_display": "0", "missing_lines": 4, "excluded_lines": 0}, "missing_lines": [84, 87, 88, 89], "excluded_lines": []}, "ContentRevisionMixin.get_readonly_fields": {"executed_lines": [], "summary": {"covered_lines": 0, "num_statements": 5, "percent_covered": 0.0, "percent_covered_display": "0", "missing_lines": 5, "excluded_lines": 0}, "missing_lines": [105, 106, 107, 108, 109], "excluded_lines": []}, "ContentRevisionMixin.version_history": {"executed_lines": [], "summary": {"covered_lines": 0, "num_statements": 6, "percent_covered": 0.0, "percent_covered_display": "0", "missing_lines": 6, "excluded_lines": 0}, "missing_lines": [116, 117, 119, 120, 121, 122], "excluded_lines": []}, "": {"executed_lines": [1, 6, 8, 11, 12, 18, 20, 24, 31, 38, 50, 51, 57, 60, 62, 78, 92, 93, 99, 101, 111, 124], "summary": {"covered_lines": 18, "num_statements": 18, "percent_covered": 100.0, "percent_covered_display": "100", "missing_lines": 0, "excluded_lines": 0}, "missing_lines": [], "excluded_lines": []}}, "classes": {"TinyMCEAdminMixin": {"executed_lines": [21, 22, 26], "summary": {"covered_lines": 3, "num_statements": 7, "percent_covered": 42.857142857142854, "percent_covered_display": "43", "missing_lines": 4, "excluded_lines": 0}, "missing_lines": [29, 36, 44, 47], "excluded_lines": []}, "SanitizedContentAdminMixin": {"executed_lines": [], "summary": {"covered_lines": 0, "num_statements": 11, "percent_covered": 0.0, "percent_covered_display": "0", "missing_lines": 11, "excluded_lines": 0}, "missing_lines": [67, 68, 69, 70, 71, 74, 76, 84, 87, 88, 89], "excluded_lines": []}, "ContentRevisionMixin": {"executed_lines": [], "summary": {"covered_lines": 0, "num_statements": 11, "percent_covered": 0.0, "percent_covered_display": "0", "missing_lines": 11, "excluded_lines": 0}, "missing_lines": [105, 106, 107, 108, 109, 116, 117, 119, 120, 121, 122], "excluded_lines": []}, "": {"executed_lines": [1, 6, 8, 11, 12, 18, 20, 24, 31, 38, 50, 51, 57, 60, 62, 78, 92, 93, 99, 101, 111, 124], "summary": {"covered_lines": 18, "num_statements": 18, "percent_covered": 100.0, "percent_covered_display": "100", "missing_lines": 0, "excluded_lines": 0}, "missing_lines": [], "excluded_lines": []}}}, "apps\\main\\admin_views.py": {"executed_lines": [1, 11, 12, 13, 14, 16, 17, 20, 21, 48, 49, 66, 67, 68], "summary": {"covered_lines": 13, "num_statements": 27, "percent_covered": 48.148148148148145, "percent_covered_display": "48", "missing_lines": 14, "excluded_lines": 0}, "missing_lines": [26, 29, 30, 31, 32, 33, 35, 45, 54, 55, 57, 73, 76, 85], "excluded_lines": [], "functions": {"search_status_dashboard": {"executed_lines": [], "summary": {"covered_lines": 0, "num_statements": 8, "percent_covered": 0.0, "percent_covered_display": "0", "missing_lines": 8, "excluded_lines": 0}, "missing_lines": [26, 29, 30, 31, 32, 33, 35, 45], "excluded_lines": []}, "search_metrics_api": {"executed_lines": [], "summary": {"covered_lines": 0, "num_statements": 3, "percent_covered": 0.0, "percent_covered_display": "0", "missing_lines": 3, "excluded_lines": 0}, "missing_lines": [54, 55, 57], "excluded_lines": []}, "search_performance_chart": {"executed_lines": [], "summary": {"covered_lines": 0, "num_statements": 3, "percent_covered": 0.0, "percent_covered_display": "0", "missing_lines": 3, "excluded_lines": 0}, "missing_lines": [73, 76, 85], "excluded_lines": []}, "": {"executed_lines": [1, 11, 12, 13, 14, 16, 17, 20, 21, 48, 49, 66, 67, 68], "summary": {"covered_lines": 13, "num_statements": 13, "percent_covered": 100.0, "percent_covered_display": "100", "missing_lines": 0, "excluded_lines": 0}, "missing_lines": [], "excluded_lines": []}}, "classes": {"": {"executed_lines": [1, 11, 12, 13, 14, 16, 17, 20, 21, 48, 49, 66, 67, 68], "summary": {"covered_lines": 13, "num_statements": 27, "percent_covered": 48.148148148148145, "percent_covered_display": "48", "missing_lines": 14, "excluded_lines": 0}, "missing_lines": [26, 29, 30, 31, 32, 33, 35, 45, 54, 55, 57, 73, 76, 85], "excluded_lines": []}}}, "apps\\main\\analytics.py": {"executed_lines": [1, 5, 7, 8, 10, 13, 14, 16, 18, 24, 25, 35, 37, 39, 43, 45, 55, 59, 65, 77, 90, 92, 93, 96, 97, 101], "summary": {"covered_lines": 24, "num_statements": 29, "percent_covered": 82.75862068965517, "percent_covered_display": "83", "missing_lines": 5, "excluded_lines": 0}, "missing_lines": [44, 68, 75, 81, 94], "excluded_lines": [], "functions": {"Analytics.track_event": {"executed_lines": [18, 24, 25, 35, 37], "summary": {"covered_lines": 5, "num_statements": 5, "percent_covered": 100.0, "percent_covered_display": "100", "missing_lines": 0, "excluded_lines": 0}, "missing_lines": [], "excluded_lines": []}, "Analytics.track_page_view": {"executed_lines": [43, 45], "summary": {"covered_lines": 2, "num_statements": 3, "percent_covered": 66.66666666666667, "percent_covered_display": "67", "missing_lines": 1, "excluded_lines": 0}, "missing_lines": [44], "excluded_lines": []}, "Analytics.track_conversion": {"executed_lines": [59], "summary": {"covered_lines": 1, "num_statements": 1, "percent_covered": 100.0, "percent_covered_display": "100", "missing_lines": 0, "excluded_lines": 0}, "missing_lines": [], "excluded_lines": []}, "Analytics.track_contact_form_submission": {"executed_lines": [], "summary": {"covered_lines": 0, "num_statements": 2, "percent_covered": 0.0, "percent_covered_display": "0", "missing_lines": 2, "excluded_lines": 0}, "missing_lines": [68, 75], "excluded_lines": []}, "Analytics.track_playground_code_execution": {"executed_lines": [], "summary": {"covered_lines": 0, "num_statements": 1, "percent_covered": 0.0, "percent_covered_display": "0", "missing_lines": 1, "excluded_lines": 0}, "missing_lines": [81], "excluded_lines": []}, "Analytics._get_client_ip": {"executed_lines": [92, 93, 96, 97], "summary": {"covered_lines": 4, "num_statements": 5, "percent_covered": 80.0, "percent_covered_display": "80", "missing_lines": 1, "excluded_lines": 0
[...]
d_lines": []}, "cybersecurity_view": {"executed_lines": [], "summary": {"covered_lines": 0, "num_statements": 13, "percent_covered": 0.0, "percent_covered_display": "0", "missing_lines": 13, "excluded_lines": 0}, "missing_lines": [63, 65, 66, 67, 70, 71, 74, 78, 85, 87, 88, 89, 95], "excluded_lines": []}, "useful_view": {"executed_lines": [], "summary": {"covered_lines": 0, "num_statements": 18, "percent_covered": 0.0, "percent_covered_display": "0", "missing_lines": 18, "excluded_lines": 0}, "missing_lines": [102, 103, 104, 106, 108, 109, 110, 113, 114, 117, 121, 126, 128, 135, 137, 138, 139, 145], "excluded_lines": []}, "": {"executed_lines": [1, 17, 19, 20, 22, 24, 27, 59, 98], "summary": {"covered_lines": 8, "num_statements": 8, "percent_covered": 100.0, "percent_covered_display": "100", "missing_lines": 0, "excluded_lines": 0}, "missing_lines": [], "excluded_lines": []}}, "classes": {"": {"executed_lines": [1, 17, 19, 20, 22, 24, 27, 59, 98], "summary": {"covered_lines": 8, "num_statements": 51, "percent_covered": 15.686274509803921, "percent_covered_display": "16", "missing_lines": 43, "excluded_lines": 0}, "missing_lines": [31, 33, 34, 35, 38, 39, 41, 47, 49, 50, 51, 56, 63, 65, 66, 67, 70, 71, 74, 78, 85, 87, 88, 89, 95, 102, 103, 104, 106, 108, 109, 110, 113, 114, 117, 121, 126, 128, 135, 137, 138, 139, 145], "excluded_lines": []}}}, "apps\\main\\views_deprecated.py": {"executed_lines": [], "summary": {"covered_lines": 0, "num_statements": 132, "percent_covered": 0.0, "percent_covered_display": "0", "missing_lines": 132, "excluded_lines": 0}, "missing_lines": [1, 2, 4, 5, 6, 7, 8, 10, 11, 13, 23, 26, 30, 47, 65, 95, 128, 147, 168, 170, 171, 173, 175, 179, 184, 191, 198, 203, 207, 217, 219, 236, 254, 284, 317, 336, 357, 358, 359, 360, 361, 362, 364, 375, 377, 378, 380, 390, 393, 397, 398, 399, 401, 402, 407, 411, 416, 418, 425, 427, 428, 429, 435, 438, 442, 443, 444, 446, 448, 453, 456, 458, 464, 466, 474, 476, 477, 478, 485, 488, 492, 494, 495, 496, 499, 500, 502, 508, 510, 511, 512, 517, 520, 524, 526, 527, 528, 531, 532, 535, 539, 546, 548, 549, 550, 556, 559, 563, 564, 565, 567, 569, 570, 571, 574, 575, 578, 582, 587, 589, 596, 598, 599, 600, 606, 609, 613, 614, 615, 616, 617, 618], "excluded_lines": [], "functions": {"home": {"executed_lines": [], "summary": {"covered_lines": 0, "num_statements": 36, "percent_covered": 0.0, "percent_covered_display": "0", "missing_lines": 36, "excluded_lines": 0}, "missing_lines": [30, 47, 65, 95, 128, 147, 168, 170, 171, 173, 175, 179, 184, 191, 198, 203, 207, 217, 219, 236, 254, 284, 317, 336, 357, 358, 359, 360, 361, 362, 364, 375, 377, 378, 380, 390], "excluded_lines": []}, "personal_view": {"executed_lines": [], "summary": {"covered_lines": 0, "num_statements": 14, "percent_covered": 0.0, "percent_covered_display": "0", "missing_lines": 14, "excluded_lines": 0}, "missing_lines": [397, 398, 399, 401, 402, 407, 411, 416, 418, 425, 427, 428, 429, 435], "excluded_lines": []}, "music_view": {"executed_lines": [], "summary": {"covered_lines": 0, "num_statements": 15, "percent_covered": 0.0, "percent_covered_display": "0", "missing_lines": 15, "excluded_lines": 0}, "missing_lines": [442, 443, 444, 446, 448, 453, 456, 458, 464, 466, 474, 476, 477, 478, 485], "excluded_lines": []}, "ai_tools_view": {"executed_lines": [], "summary": {"covered_lines": 0, "num_statements": 12, "percent_covered": 0.0, "percent_covered_display": "0", "missing_lines": 12, "excluded_lines": 0}, "missing_lines": [492, 494, 495, 496, 499, 500, 502, 508, 510, 511, 512, 517], "excluded_lines": []}, "cybersecurity_view": {"executed_lines": [], "summary": {"covered_lines": 0, "num_statements": 13, "percent_covered": 0.0, "percent_covered_display": "0", "missing_lines": 13, "excluded_lines": 0}, "missing_lines": [524, 526, 527, 528, 531, 532, 535, 539, 546, 548, 549, 550, 556], "excluded_lines": []}, "useful_view": {"executed_lines": [], "summary": {"covered_lines": 0, "num_statements": 18, "percent_covered": 0.0, "percent_covered_display": "0", "missing_lines": 18, "excluded_lines": 0}, "missing_lines": [563, 564, 565, 567, 569, 570, 571, 574, 575, 578, 582, 587, 589, 596, 598, 599, 600, 606], "excluded_lines": []}, "logout_view": {"executed_lines": [], "summary": {"covered_lines": 0, "num_statements": 6, "percent_covered": 0.0, "percent_covered_display": "0", "missing_lines": 6, "excluded_lines": 0}, "missing_lines": [613, 614, 615, 616, 617, 618], "excluded_lines": []}, "": {"executed_lines": [], "summary": {"covered_lines": 0, "num_statements": 18, "percent_covered": 0.0, "percent_covered_display": "0", "missing_lines": 18, "excluded_lines": 0}, "missing_lines": [1, 2, 4, 5, 6, 7, 8, 10, 11, 13, 23, 26, 393, 438, 488, 520, 559, 609], "excluded_lines": []}}, "classes": {"": {"executed_lines": [], "summary": {"covered_lines": 0, "num_statements": 132, "percent_covered": 0.0, "percent_covered_display": "0", "missing_lines": 132, "excluded_lines": 0}, "missing_lines": [1, 2, 4, 5, 6, 7, 8, 10, 11, 13, 23, 26, 30, 47, 65, 95, 128, 147, 168, 170, 171, 173, 175, 179, 184, 191, 198, 203, 207, 217, 219, 236, 254, 284, 317, 336, 357, 358, 359, 360, 361, 362, 364, 375, 377, 378, 380, 390, 393, 397, 398, 399, 401, 402, 407, 411, 416, 418, 425, 427, 428, 429, 435, 438, 442, 443, 444, 446, 448, 453, 456, 458, 464, 466, 474, 476, 477, 478, 485, 488, 492, 494, 495, 496, 499, 500, 502, 508, 510, 511, 512, 517, 520, 524, 526, 527, 528, 531, 532, 535, 539, 546, 548, 549, 550, 556, 559, 563, 564, 565, 567, 569, 570, 571, 574, 575, 578, 582, 587, 589, 596, 598, 599, 600, 606, 609, 613, 614, 615, 616, 617, 618], "excluded_lines": []}}}, "apps\\main\\views_ui_kit.py": {"executed_lines": [], "summary": {"covered_lines": 0, "num_statements": 20, "percent_covered": 0.0, "percent_covered_display": "0", "missing_lines": 20, "excluded_lines": 0}, "missing_lines": [5, 7, 9, 11, 14, 19, 21, 22, 23, 24, 27, 28, 31, 34, 46, 57, 59, 60, 62, 70], "excluded_lines": [], "functions": {"ui_kit_view": {"executed_lines": [], "summary": {"covered_lines": 0, "num_statements": 15, "percent_covered": 0.0, "percent_covered_display": "0", "missing_lines": 15, "excluded_lines": 0}, "missing_lines": [19, 21, 22, 23, 24, 27, 28, 31, 34, 46, 57, 59, 60, 62, 70], "excluded_lines": []}, "": {"executed_lines": [], "summary": {"covered_lines": 0, "num_statements": 5, "percent_covered": 0.0, "percent_covered_display": "0", "missing_lines": 5, "excluded_lines": 0}, "missing_lines": [5, 7, 9, 11, 14], "excluded_lines": []}}, "classes": {"": {"executed_lines": [], "summary": {"covered_lines": 0, "num_statements": 20, "percent_covered": 0.0, "percent_covered_display": "0", "missing_lines": 20, "excluded_lines": 0}, "missing_lines": [5, 7, 9, 11, 14, 19, 21, 22, 23, 24, 27, 28, 31, 34, 46, 57, 59, 60, 62, 70], "excluded_lines": []}}}, "apps\\tools\\__init__.py": {"executed_lines": [0], "summary": {"covered_lines": 0, "num_statements": 0, "percent_covered": 100.0, "percent_covered_display": "100", "missing_lines": 0, "excluded_lines": 0}, "missing_lines": [], "excluded_lines": [], "functions": {"": {"executed_lines": [], "summary": {"covered_lines": 0, "num_statements": 0, "percent_covered": 100.0, "percent_covered_display": "100", "missing_lines": 0, "excluded_lines": 0}, "missing_lines": [], "excluded_lines": []}}, "classes": {"": {"executed_lines": [], "summary": {"covered_lines": 0, "num_statements": 0, "percent_covered": 100.0, "percent_covered_display": "100", "missing_lines": 0, "excluded_lines": 0}, "missing_lines": [], "excluded_lines": []}}}, "apps\\tools\\admin.py": {"executed_lines": [1, 2, 4, 7, 8, 9, 18, 19, 20, 21, 23, 47, 49, 55, 57, 70], "summary": {"covered_lines": 16, "num_statements": 25, "percent_covered": 64.0, "percent_covered_display": "64", "missing_lines": 9, "excluded_lines": 0}, "missing_lines": [50, 51, 52, 53, 58, 59, 63, 64, 68], "excluded_lines": [], "functions": {"ToolAdmin.rating_display": {"executed_lines": [], "summary": {"covered_lines": 0, "num_statements": 4, "percent_covered": 0.0, "percent_covered_display": "0", "missing_lines": 4, "excluded_lines": 0}, "missing_lines": [50, 51, 52, 53], "excluded_lines": []}, "ToolAdmin.image_preview": {"executed_lines": [], "summary": {"covered_lines": 0, "num_statements": 5, "percent_covered": 0.0, "percent_covered_display": "0", "missing_lines": 5, "excluded_lines": 0}, "missing_lines": [58, 59, 63, 64, 68], "excluded_lines": []}, "": {"executed_lines": [1, 2, 4, 7, 8, 9, 18, 19, 20, 21, 23, 47, 49, 55, 57, 70], "summary": {"covered_lines": 16, "num_statements": 16, "percent_covered": 100.0, "percent_covered_display": "100", "missing_lines": 0, "excluded_lines": 0}, "missing_lines": [], "excluded_lines": []}}, "classes": {"ToolAdmin": {"executed_lines": [], "summary": {"covered_lines": 0, "num_statements": 9, "percent_covered": 0.0, "percent_covered_display": "0", "missing_lines": 9, "excluded_lines": 0}, "missing_lines": [50, 51, 52, 53, 58, 59, 63, 64, 68], "excluded_lines": []}, "": {"executed_lines": [1, 2, 4, 7, 8, 9, 18, 19, 20, 21, 23, 47, 49, 55, 57, 70], "summary": {"covered_lines": 16, "num_statements": 16, "percent_covered": 100.0, "percent_covered_display": "100", "missing_lines": 0, "excluded_lines": 0}, "missing_lines": [], "excluded_lines": []}}}, "apps\\tools\\apps.py": {"executed_lines": [1, 4, 5, 6], "summary": {"covered_lines": 4, "num_statements": 4, "percent_covered": 100.0, "percent_covered_display": "100", "missing_lines": 0, "excluded_lines": 0}, "missing_lines": [], "excluded_lines": [], "functions": {"": {"executed_lines": [1, 4, 5, 6], "summary": {"covered_lines": 4, "num_statements": 4, "percent_covered": 100.0, "percent_covered_display": "100", "missing_lines": 0, "excluded_lines": 0}, "missing_lines": [], "excluded_lines": []}}, "classes": {"ToolsConfig": {"executed_lines": [], "summary": {"covered_lines": 0, "num_statements": 0, "percent_covered": 100.0, "percent_covered_display": "100", "missing_lines": 0, "excluded_lines": 0}, "missing_lines": [], "excluded_lines": []}, "": {"executed_lines": [1, 4, 5, 6], "summary": {"covered_lines": 4, "num_statements": 4, "percent_covered": 100.0, "percent_covered_display": "100", "missing_lines": 0, "excluded_lines": 0}, "missing_lines": [], "excluded_lines": []}}}, "apps\\tools\\models.py": {"executed_lines": [1, 2, 3, 4, 5, 7, 10, 11, 15, 19, 23, 55, 56, 73, 74, 75, 78, 79, 84, 87, 90, 93, 96, 103, 108, 111, 114, 117, 118, 120, 122, 123, 124, 125, 126, 132, 162, 187, 188, 201, 202, 215, 220, 224], "summary": {"covered_lines": 44, "num_statements": 104, "percent_covered": 42.30769230769231, "percent_covered_display": "42", "missing_lines": 60, "excluded_lines": 0}, "missing_lines": [13, 17, 21, 37, 39, 41, 42, 43, 44, 45, 46, 49, 50, 52, 134, 135, 136, 137, 138, 141, 142, 143, 144, 145, 148, 149, 152, 153, 154, 156, 157, 158, 164, 165, 166, 167, 168, 170, 171, 172, 173, 176, 178, 181, 182, 184, 185, 197, 198, 199, 211, 212, 213, 217, 218, 222, 225, 226, 227, 229], "excluded_lines": [], "functions": {"ToolManager.favorites": {"executed_lines": [], "summary": {"covered_lines": 0, "num_statements": 1, "percent_covered": 0.0, "percent_covered_display": "0", "missing_lines": 1, "excluded_lines": 0}, "missing_lines": [13], "excluded_lines": []}, "ToolManager.by_category": {"executed_lines": [], "summary": {"covered_lines": 0, "num_statements": 1, "percent_covered": 0.0, "percent_covered_display": "0", "missing_lines": 1, "excluded_lines": 0}, "missing_lines": [17], "excluded_lines": []}, "ToolManager.visible": {"executed_lines": [], "summary": {"covered_lines": 0, "num_statements": 1, "percent_covered": 0.0, "percent_covered_display": "0", "missing_lines": 1, "excluded_lines": 0}, "missing_lines": [21], "excluded_lines": []}, "ToolManager.get_similar_tools": {"executed_lines": [], "summary": {"covered_lines": 0, "num_statements": 11, "percent_covered": 0.0, "percent_covered_display": "0", "missing_lines": 11, "excluded_lines": 0}, "missing_lines": [37, 39, 41, 42, 43, 44, 45, 46, 49, 50, 52], "excluded_lines": []}, "Tool.clean": {"executed_lines": [], "summary": {"covered_lines": 0, "num_statements": 18, "percent_covered": 0.0, "percent_covered_display": "0", "missing_lines": 18, "excluded_lines": 0}, "missing_lines": [134, 135, 136, 137, 138, 141, 142, 143, 144, 145, 148, 149, 152, 153, 154, 156, 157, 158], "excluded_lines": []}, "Tool.save": {"executed_lines": [], "summary": {"covered_lines": 0, "num_statements": 15, "percent_covered": 0.0, "percent_covered_display": "0", "missing_lines": 15, "excluded_lines": 0}, "missing_lines": [164, 165, 166, 167, 168, 170, 171, 172, 173, 176, 178, 181, 182, 184, 185], "excluded_lines": []}, "Tool.rating_stars": {"executed_lines": [], "summary": {"covered_lines": 0, "num_statements": 3, "percent_covered": 0.0, "percent_covered_display": "0", "missing_lines": 3, "excluded_lines": 0}, "missing_lines": [197, 198, 199], "excluded_lines": []}, "Tool.is_free": {"executed_lines": [], "summary": {"covered_lines": 0, "num_statements": 3, "percent_covered": 0.0, "percent_covered_display": "0", "missing_lines": 3, "excluded_lines": 0}, "missing_lines": [211, 212, 213], "excluded_lines": []}, "Tool.increment_view_count": {"executed_lines": [], "summary": {"covered_lines": 0, "num_statements": 2, "percent_covered": 0.0, "percent_covered_display": "0", "missing_lines": 2, "excluded_lines": 0}, "missing_lines": [217, 218], "excluded_lines": []}, "Tool.get_similar_tools": {"executed_lines": [], "summary": {"covered_lines": 0, "num_statements": 1, "percent_covered": 0.0, "percent_covered_display": "0", "missing_lines": 1, "excluded_lines": 0}, "missing_lines": [222], "excluded_lines": []}, "Tool.__str__": {"executed_lines": [], "summary": {"covered_lines": 0, "num_statements": 4, "percent_covered": 0.0, "percent_covered_display": "0", "missing_lines": 4, "excluded_lines": 0}, "missing_lines": [225, 226, 227, 229], "excluded_lines": []}, "": {"executed_lines": [1, 2, 3, 4, 5, 7, 10, 11, 15, 19, 23, 55, 56, 73, 74, 75, 78, 79, 84, 87, 90, 93, 96, 103, 108, 111, 114, 117, 118, 120, 122, 123, 124, 125, 126, 132, 162, 187, 188, 201, 202, 215, 220, 224], "summary": {"covered_lines": 44, "num_statements": 44, "percent_covered": 100.0, "percent_covered_display": "100", "missing_lines": 0, "excluded_lines": 0}, "missing_lines": [], "excluded_lines": []}}, "classes": {"ToolManager": {"executed_lines": [], "summary": {"covered_lines": 0, "num_statements": 14, "percent_covered": 0.0, "percent_covered_display": "0", "missing_lines": 14, "excluded_lines": 0}, "missing_lines": [13, 17, 21, 37, 39, 41, 42, 43, 44, 45, 46, 49, 50, 52], "excluded_lines": []}, "Tool": {"executed_lines": [], "summary": {"covered_lines": 0, "num_statements": 46, "percent_covered": 0.0, "percent_covered_display": "0", "missing_lines": 46, "excluded_lines": 0}, "missing_lines": [134, 135, 136, 137, 138, 141, 142, 143, 144, 145, 148, 149, 152, 153, 154, 156, 157, 158, 164, 165, 166, 167, 168, 170, 171, 172, 173, 176, 178, 181, 182, 184, 185, 197, 198, 199, 211, 212, 213, 217, 218, 222, 225, 226, 227, 229], "excluded_lines": []}, "Tool.Meta": {"executed_lines": [], "summary": {"covered_lines": 0, "num_statements": 0, "percent_covered": 100.0, "percent_covered_display": "100", "missing_lines": 0, "excluded_lines": 0}, "missing_lines": [], "excluded_lines": []}, "": {"executed_lines": [1, 2, 3, 4, 5, 7, 10, 11, 15, 19, 23, 55, 56, 73, 74, 75, 78, 79, 84, 87, 90, 93, 96, 103, 108, 111, 114, 117, 118, 120, 122, 123, 124, 125, 126, 132, 162, 187, 188, 201, 202, 215, 220, 224], "summary": {"covered_lines": 44, "num_statements": 44, "percent_covered": 100.0, "percent_covered_display": "100", "missing_lines": 0, "excluded_lines": 0}, "missing_lines": [], "excluded_lines": []}}}, "apps\\tools\\tests.py": {"executed_lines": [], "summary": {"covered_lines": 0, "num_statements": 0, "percent_covered": 100.0, "percent_covered_display": "100", "missing_lines": 0, "excluded_lines": 0}, "missing_lines": [], "excluded_lines": [], "functions": {"": {"executed_lines": [], "summary": {"covered_lines": 0, "num_statements": 0, "percent_covered": 100.0, "percent_covered_display": "100", "missing_lines": 0, "excluded_lines": 0}, "missing_lines": [], "excluded_lines": []}}, "classes": {"": {"executed_lines": [], "summary": {"covered_lines": 0, "num_statements": 0, "percent_covered": 100.0, "percent_covered_display": "100", "missing_lines": 0, "excluded_lines": 0}, "missing_lines": [], "excluded_lines": []}}}, "apps\\tools\\urls.py": {"executed_lines": [1, 3, 5, 7], "summary": {"covered_lines": 4, "num_statements": 4, "percent_covered": 100.0, "percent_covered_display": "100", "missing_lines": 0, "excluded_lines": 0}, "missing_lines": [], "excluded_lines": [], "functions": {"": {"executed_lines": [1, 3, 5, 7], "summary": {"covered_lines": 4, "num_statements": 4, "percent_covered": 100.0, "percent_covered_display": "100", "missing_lines": 0, "excluded_lines": 0}, "missing_lines": [], "excluded_lines": []}}, "classes": {"": {"executed_lines": [1, 3, 5, 7], "summary": {"covered_lines": 4, "num_statements": 4, "percent_covered": 100.0, "percent_covered_display": "100", "missing_lines": 0, "excluded_lines": 0}, "missing_lines": [], "excluded_lines": []}}}, "apps\\tools\\views.py": {"executed_lines": [1, 2, 4, 7, 8, 9, 10, 11, 13, 30, 44, 45, 46, 47, 49, 52], "summary": {"covered_lines": 16, "num_statements": 34, "percent_covered": 47.05882352941177, "percent_covered_display": "47", "missing_lines": 18, "excluded_lines": 0}, "missing_lines": [14, 15, 16, 18, 19, 25, 26, 28, 31, 32, 33, 34, 40, 41, 50, 53, 56, 58], "excluded_lines": [], "functions": {"ToolListView.get_queryset": {"executed_lines": [], "summary": {"covered_lines": 0, "num_statements": 8, "percent_covered": 0.0, "percent_covered_display": "0", "missing_lines": 8, "excluded_lines": 0}, "missing_lines": [14, 15, 16, 18, 19, 25, 26, 28], "excluded_lines": []}, "ToolListView.get_context_data": {"executed_lines": [], "summary": {"covered_lines": 0, "num_statements": 6, "percent_covered": 0.0, "percent_covered_display": "0", "missing_lines": 6, "excluded_lines": 0}, "missing_lines": [31, 32, 33, 34, 40, 41], "excluded_lines": []}, "ToolDetailView.get_queryset": {"executed_lines": [], "summary": {"covered_lines": 0, "num_statements": 1, "percent_covered": 0.0, "percent_covered_display": "0", "missing_lines": 1, "excluded_lines": 0}, "missing_lines": [50], "excluded_lines": []}, "ToolDetailView.get_context_data": {"executed_lines": [], "summary": {"covered_lines": 0, "num_statements": 3, "percent_covered": 0.0, "percent_covered_display": "0", "missing_lines": 3, "excluded_lines": 0}, "missing_lines": [53, 56, 58], "excluded_lines": []}, "": {"executed_lines": [1, 2, 4, 7, 8, 9, 10, 11, 13, 30, 44, 45, 46, 47, 49, 52], "summary": {"covered_lines": 16, "num_statements": 16, "percent_covered": 100.0, "percent_covered_display": "100", "missing_lines": 0, "excluded_lines": 0}, "missing_lines": [], "excluded_lines": []}}, "classes": {"ToolListView": {"executed_lines": [], "summary": {"covered_lines": 0, "num_statements": 14, "percent_covered": 0.0, "percent_covered_display": "0", "missing_lines": 14, "excluded_lines": 0}, "missing_lines": [14, 15, 16, 18, 19, 25, 26, 28, 31, 32, 33, 34, 40, 41], "excluded_lines": []}, "ToolDetailView": {"executed_lines": [], "summary": {"covered_lines": 0, "num_statements": 4, "percent_covered": 0.0, "percent_covered_display": "0", "missing_lines": 4, "excluded_lines": 0}, "missing_lines": [50, 53, 56, 58], "excluded_lines": []}, "": {"executed_lines": [1, 2, 4, 7, 8, 9, 10, 11, 13, 30, 44, 45, 46, 47, 49, 52], "summary": {"covered_lines": 16, "num_statements": 16, "percent_covered": 100.0, "percent_covered_display": "100", "missing_lines": 0, "excluded_lines": 0}, "missing_lines": [], "excluded_lines": []}}}}, "totals": {"covered_lines": 1660, "num_statements": 6833, "percent_covered": 24.29386799356066, "percent_covered_display": "24", "missing_lines": 5173, "excluded_lines": 39}}
